[0.394s] DEBUG:colcon:Command line arguments: ['/usr/bin/colcon', 'build']
[0.395s] DEBUG:colcon:Parsed command line arguments: Namespace(allow_overriding=[], ament_cmake_args=None, base_paths=['.'], build_base='build', catkin_cmake_args=None, catkin_skip_building_tests=False, cmake_args=None, cmake_clean_cache=False, cmake_clean_first=False, cmake_force_configure=False, cmake_target=None, cmake_target_skip_unavailable=False, continue_on_error=False, event_handlers=None, executor='parallel', ignore_user_meta=False, install_base='install', log_base=None, log_level=None, main=<bound method BuildVerb.main of <colcon_core.verb.build.BuildVerb object at 0x7f6382df17f0>>, merge_install=False, metas=['./colcon.meta'], packages_above=None, packages_above_and_dependencies=None, packages_above_depth=None, packages_end=None, packages_ignore=None, packages_ignore_regex=None, packages_select=None, packages_select_build_failed=False, packages_select_by_dep=None, packages_select_regex=None, packages_select_test_failures=False, packages_skip=None, packages_skip_build_finished=False, packages_skip_by_dep=None, packages_skip_regex=None, packages_skip_test_passed=False, packages_skip_up_to=None, packages_start=None, packages_up_to=None, packages_up_to_regex=None, parallel_workers=2, paths=None, symlink_install=False, test_result_base=None, verb_extension=<colcon_core.verb.build.BuildVerb object at 0x7f6382df17f0>, verb_name='build', verb_parser=<colcon_defaults.argument_parser.defaults.DefaultArgumentsDecorator object at 0x7f6382df1d60>)
[0.475s] Level 1:colcon.colcon_core.package_discovery:discover_packages(colcon_meta) check parameters
[0.476s] Level 1:colcon.colcon_core.package_discovery:discover_packages(recursive) check parameters
[0.476s] Level 1:colcon.colcon_core.package_discovery:discover_packages(ignore) check parameters
[0.476s] Level 1:colcon.colcon_core.package_discovery:discover_packages(path) check parameters
[0.476s] Level 1:colcon.colcon_core.package_discovery:discover_packages(colcon_meta) discover
[0.476s] Level 1:colcon.colcon_core.package_discovery:discover_packages(recursive) discover
[0.476s] INFO:colcon.colcon_core.package_discovery:Crawling recursively for packages in '/home/diego/Workspaces/ros2_roveruvg_ws/src'
[0.476s] Level 1:colcon.colcon_core.package_identification:_identify(.) by extensions ['ignore', 'ignore_ament_install']
[0.476s] Level 1:colcon.colcon_core.package_identification:_identify(.) by extension 'ignore'
[0.477s] Level 1:colcon.colcon_core.package_identification:_identify(.) by extension 'ignore_ament_install'
[0.477s] Level 1:colcon.colcon_core.package_identification:_identify(.) by extensions ['colcon_pkg']
[0.477s] Level 1:colcon.colcon_core.package_identification:_identify(.) by extension 'colcon_pkg'
[0.477s] Level 1:colcon.colcon_core.package_identification:_identify(.) by extensions ['colcon_meta']
[0.477s] Level 1:colcon.colcon_core.package_identification:_identify(.) by extension 'colcon_meta'
[0.477s] Level 1:colcon.colcon_core.package_identification:_identify(.) by extensions ['ros']
[0.477s] Level 1:colcon.colcon_core.package_identification:_identify(.) by extension 'ros'
[0.511s] Level 1:colcon.colcon_core.package_identification:_identify(.) by extensions ['cmake', 'python']
[0.511s] Level 1:colcon.colcon_core.package_identification:_identify(.) by extension 'cmake'
[0.511s] Level 1:colcon.colcon_core.package_identification:_identify(.) by extension 'python'
[0.511s] Level 1:colcon.colcon_core.package_identification:_identify(.) by extensions ['python_setup_py']
[0.511s] Level 1:colcon.colcon_core.package_identification:_identify(.) by extension 'python_setup_py'
[0.511s] Level 1:colcon.colcon_core.package_identification:_identify(build) by extensions ['ignore', 'ignore_ament_install']
[0.512s] Level 1:colcon.colcon_core.package_identification:_identify(build) by extension 'ignore'
[0.512s] Level 1:colcon.colcon_core.package_identification:_identify(build) ignored
[0.512s] Level 1:colcon.colcon_core.package_identification:_identify(install) by extensions ['ignore', 'ignore_ament_install']
[0.512s] Level 1:colcon.colcon_core.package_identification:_identify(install) by extension 'ignore'
[0.513s] Level 1:colcon.colcon_core.package_identification:_identify(install) ignored
[0.513s] Level 1:colcon.colcon_core.package_identification:_identify(log) by extensions ['ignore', 'ignore_ament_install']
[0.513s] Level 1:colcon.colcon_core.package_identification:_identify(log) by extension 'ignore'
[0.513s] Level 1:colcon.colcon_core.package_identification:_identify(log) ignored
[0.514s] Level 1:colcon.colcon_core.package_identification:_identify(odometry_pkg) by extensions ['ignore', 'ignore_ament_install']
[0.514s] Level 1:colcon.colcon_core.package_identification:_identify(odometry_pkg) by extension 'ignore'
[0.514s] Level 1:colcon.colcon_core.package_identification:_identify(odometry_pkg) by extension 'ignore_ament_install'
[0.514s] Level 1:colcon.colcon_core.package_identification:_identify(odometry_pkg) by extensions ['colcon_pkg']
[0.514s] Level 1:colcon.colcon_core.package_identification:_identify(odometry_pkg) by extension 'colcon_pkg'
[0.514s] Level 1:colcon.colcon_core.package_identification:_identify(odometry_pkg) by extensions ['colcon_meta']
[0.514s] Level 1:colcon.colcon_core.package_identification:_identify(odometry_pkg) by extension 'colcon_meta'
[0.514s] Level 1:colcon.colcon_core.package_identification:_identify(odometry_pkg) by extensions ['ros']
[0.514s] Level 1:colcon.colcon_core.package_identification:_identify(odometry_pkg) by extension 'ros'
[0.525s] DEBUG:colcon.colcon_core.package_identification:Package 'odometry_pkg' with type 'ros.ament_python' and name 'odometry_pkg'
[0.525s] Level 1:colcon.colcon_core.package_discovery:discover_packages(recursive) using defaults
[0.525s] Level 1:colcon.colcon_core.package_discovery:discover_packages(ignore) discover
[0.526s] Level 1:colcon.colcon_core.package_discovery:discover_packages(ignore) using defaults
[0.526s] Level 1:colcon.colcon_core.package_discovery:discover_packages(path) discover
[0.526s] Level 1:colcon.colcon_core.package_discovery:discover_packages(path) using defaults
[0.604s] Level 1:colcon.colcon_core.package_discovery:discover_packages(prefix_path) check parameters
[0.604s] Level 1:colcon.colcon_core.package_discovery:discover_packages(prefix_path) discover
[0.613s] DEBUG:colcon.colcon_installed_package_information.package_discovery:Found 311 installed packages in /opt/ros/foxy
[0.618s] Level 1:colcon.colcon_core.package_discovery:discover_packages(prefix_path) using defaults
[0.825s] Level 5:colcon.colcon_core.verb:set package 'odometry_pkg' build argument 'cmake_args' from command line to 'None'
[0.826s] Level 5:colcon.colcon_core.verb:set package 'odometry_pkg' build argument 'cmake_target' from command line to 'None'
[0.826s] Level 5:colcon.colcon_core.verb:set package 'odometry_pkg' build argument 'cmake_target_skip_unavailable' from command line to 'False'
[0.826s] Level 5:colcon.colcon_core.verb:set package 'odometry_pkg' build argument 'cmake_clean_cache' from command line to 'False'
[0.826s] Level 5:colcon.colcon_core.verb:set package 'odometry_pkg' build argument 'cmake_clean_first' from command line to 'False'
[0.826s] Level 5:colcon.colcon_core.verb:set package 'odometry_pkg' build argument 'cmake_force_configure' from command line to 'False'
[0.826s] Level 5:colcon.colcon_core.verb:set package 'odometry_pkg' build argument 'ament_cmake_args' from command line to 'None'
[0.826s] Level 5:colcon.colcon_core.verb:set package 'odometry_pkg' build argument 'catkin_cmake_args' from command line to 'None'
[0.826s] Level 5:colcon.colcon_core.verb:set package 'odometry_pkg' build argument 'catkin_skip_building_tests' from command line to 'False'
[0.826s] DEBUG:colcon.colcon_core.verb:Building package 'odometry_pkg' with the following arguments: {'ament_cmake_args': None, 'build_base': '/home/diego/Workspaces/ros2_roveruvg_ws/src/build/odometry_pkg', 'catkin_cmake_args': None, 'catkin_skip_building_tests': False, 'cmake_args': None, 'cmake_clean_cache': False, 'cmake_clean_first': False, 'cmake_force_configure': False, 'cmake_target': None, 'cmake_target_skip_unavailable': False, 'install_base': '/home/diego/Workspaces/ros2_roveruvg_ws/src/install/odometry_pkg', 'merge_install': False, 'path': '/home/diego/Workspaces/ros2_roveruvg_ws/src/odometry_pkg', 'symlink_install': False, 'test_result_base': None}
[0.828s] INFO:colcon.colcon_core.executor:Executing jobs using 'parallel' executor
[0.841s] DEBUG:colcon.colcon_parallel_executor.executor.parallel:run_until_complete
[0.841s] INFO:colcon.colcon_ros.task.ament_python.build:Building ROS package in '/home/diego/Workspaces/ros2_roveruvg_ws/src/odometry_pkg' with build type 'ament_python'
[0.842s] Level 1:colcon.colcon_core.shell:create_environment_hook('odometry_pkg', 'ament_prefix_path')
[0.857s] INFO:colcon.colcon_core.plugin_system:Skipping extension 'colcon_core.shell.bat': Not used on non-Windows systems
[0.858s] INFO:colcon.colcon_core.shell:Creating environment hook '/home/diego/Workspaces/ros2_roveruvg_ws/src/install/odometry_pkg/share/odometry_pkg/hook/ament_prefix_path.ps1'
[0.861s] INFO:colcon.colcon_core.shell:Creating environment descriptor '/home/diego/Workspaces/ros2_roveruvg_ws/src/install/odometry_pkg/share/odometry_pkg/hook/ament_prefix_path.dsv'
[0.863s] INFO:colcon.colcon_core.shell:Creating environment hook '/home/diego/Workspaces/ros2_roveruvg_ws/src/install/odometry_pkg/share/odometry_pkg/hook/ament_prefix_path.sh'
[0.870s] INFO:colcon.colcon_core.shell:Skip shell extension 'powershell' for command environment: Not usable outside of PowerShell
[0.870s] DEBUG:colcon.colcon_core.shell:Skip shell extension 'dsv' for command environment
[1.488s] INFO:colcon.colcon_core.task.python.build:Building Python package in '/home/diego/Workspaces/ros2_roveruvg_ws/src/odometry_pkg'
[1.492s] INFO:colcon.colcon_core.shell:Skip shell extension 'powershell' for command environment: Not usable outside of PowerShell
[1.493s] DEBUG:colcon.colcon_core.shell:Skip shell extension 'dsv' for command environment
[2.894s] DEBUG:colcon.colcon_core.event_handler.log_command:Invoking command in '/home/diego/Workspaces/ros2_roveruvg_ws/src/odometry_pkg': PYTHONPATH=/home/diego/Workspaces/ros2_roveruvg_ws/src/install/odometry_pkg/lib/python3.8/site-packages:${PYTHONPATH} /usr/bin/python3 setup.py egg_info --egg-base ../build/odometry_pkg build --build-base /home/diego/Workspaces/ros2_roveruvg_ws/src/build/odometry_pkg/build install --prefix /home/diego/Workspaces/ros2_roveruvg_ws/src/install/odometry_pkg --record /home/diego/Workspaces/ros2_roveruvg_ws/src/build/odometry_pkg/install.log --single-version-externally-managed
[3.663s] DEBUG:colcon.colcon_core.event_handler.log_command:Invoked command in '/home/diego/Workspaces/ros2_roveruvg_ws/src/odometry_pkg' returned '0': PYTHONPATH=/home/diego/Workspaces/ros2_roveruvg_ws/src/install/odometry_pkg/lib/python3.8/site-packages:${PYTHONPATH} /usr/bin/python3 setup.py egg_info --egg-base ../build/odometry_pkg build --build-base /home/diego/Workspaces/ros2_roveruvg_ws/src/build/odometry_pkg/build install --prefix /home/diego/Workspaces/ros2_roveruvg_ws/src/install/odometry_pkg --record /home/diego/Workspaces/ros2_roveruvg_ws/src/build/odometry_pkg/install.log --single-version-externally-managed
[3.698s] Level 1:colcon.colcon_core.environment:checking '/home/diego/Workspaces/ros2_roveruvg_ws/src/install/odometry_pkg' for CMake module files
[3.699s] Level 1:colcon.colcon_core.environment:checking '/home/diego/Workspaces/ros2_roveruvg_ws/src/install/odometry_pkg' for CMake config files
[3.701s] Level 1:colcon.colcon_core.environment:checking '/home/diego/Workspaces/ros2_roveruvg_ws/src/install/odometry_pkg/lib'
[3.702s] Level 1:colcon.colcon_core.environment:checking '/home/diego/Workspaces/ros2_roveruvg_ws/src/install/odometry_pkg/bin'
[3.702s] Level 1:colcon.colcon_core.environment:checking '/home/diego/Workspaces/ros2_roveruvg_ws/src/install/odometry_pkg/lib/pkgconfig/odometry_pkg.pc'
[3.702s] Level 1:colcon.colcon_core.environment:checking '/home/diego/Workspaces/ros2_roveruvg_ws/src/install/odometry_pkg/lib/python3.8/site-packages'
[3.703s] Level 1:colcon.colcon_core.shell:create_environment_hook('odometry_pkg', 'pythonpath')
[3.706s] INFO:colcon.colcon_core.shell:Creating environment hook '/home/diego/Workspaces/ros2_roveruvg_ws/src/install/odometry_pkg/share/odometry_pkg/hook/pythonpath.ps1'
[3.708s] INFO:colcon.colcon_core.shell:Creating environment descriptor '/home/diego/Workspaces/ros2_roveruvg_ws/src/install/odometry_pkg/share/odometry_pkg/hook/pythonpath.dsv'
[3.709s] INFO:colcon.colcon_core.shell:Creating environment hook '/home/diego/Workspaces/ros2_roveruvg_ws/src/install/odometry_pkg/share/odometry_pkg/hook/pythonpath.sh'
[3.710s] Level 1:colcon.colcon_core.environment:checking '/home/diego/Workspaces/ros2_roveruvg_ws/src/install/odometry_pkg/bin'
[3.710s] Level 1:colcon.colcon_core.environment:create_environment_scripts_only(odometry_pkg)
[3.714s] INFO:colcon.colcon_core.shell:Creating package script '/home/diego/Workspaces/ros2_roveruvg_ws/src/install/odometry_pkg/share/odometry_pkg/package.ps1'
[3.717s] INFO:colcon.colcon_core.shell:Creating package descriptor '/home/diego/Workspaces/ros2_roveruvg_ws/src/install/odometry_pkg/share/odometry_pkg/package.dsv'
[3.719s] INFO:colcon.colcon_core.shell:Creating package script '/home/diego/Workspaces/ros2_roveruvg_ws/src/install/odometry_pkg/share/odometry_pkg/package.sh'
[3.722s] INFO:colcon.colcon_core.shell:Creating package script '/home/diego/Workspaces/ros2_roveruvg_ws/src/install/odometry_pkg/share/odometry_pkg/package.bash'
[3.725s] INFO:colcon.colcon_core.shell:Creating package script '/home/diego/Workspaces/ros2_roveruvg_ws/src/install/odometry_pkg/share/odometry_pkg/package.zsh'
[3.728s] Level 1:colcon.colcon_core.environment:create_file_with_runtime_dependencies(/home/diego/Workspaces/ros2_roveruvg_ws/src/install/odometry_pkg/share/colcon-core/packages/odometry_pkg)
[3.729s] DEBUG:colcon.colcon_parallel_executor.executor.parallel:closing loop
[3.730s] DEBUG:colcon.colcon_parallel_executor.executor.parallel:loop closed
[3.730s] DEBUG:colcon.colcon_parallel_executor.executor.parallel:run_until_complete finished with '0'
[3.730s] DEBUG:colcon.colcon_core.event_reactor:joining thread
[3.746s] INFO:colcon.colcon_core.plugin_system:Skipping extension 'colcon_notification.desktop_notification.terminal_notifier': Not used on non-Darwin systems
[3.746s] INFO:colcon.colcon_core.plugin_system:Skipping extension 'colcon_notification.desktop_notification.win32': Not used on non-Windows systems
[3.746s] INFO:colcon.colcon_notification.desktop_notification:Sending desktop notification using 'notify2'
[3.801s] DEBUG:colcon.colcon_core.event_reactor:joined thread
[3.804s] INFO:colcon.colcon_core.shell:Creating prefix script '/home/diego/Workspaces/ros2_roveruvg_ws/src/install/local_setup.ps1'
[3.806s] INFO:colcon.colcon_core.shell:Creating prefix util module '/home/diego/Workspaces/ros2_roveruvg_ws/src/install/_local_setup_util_ps1.py'
[3.809s] INFO:colcon.colcon_core.shell:Creating prefix chain script '/home/diego/Workspaces/ros2_roveruvg_ws/src/install/setup.ps1'
[3.813s] INFO:colcon.colcon_core.shell:Creating prefix script '/home/diego/Workspaces/ros2_roveruvg_ws/src/install/local_setup.sh'
[3.814s] INFO:colcon.colcon_core.shell:Creating prefix util module '/home/diego/Workspaces/ros2_roveruvg_ws/src/install/_local_setup_util_sh.py'
[3.816s] INFO:colcon.colcon_core.shell:Creating prefix chain script '/home/diego/Workspaces/ros2_roveruvg_ws/src/install/setup.sh'
[3.820s] INFO:colcon.colcon_core.shell:Creating prefix script '/home/diego/Workspaces/ros2_roveruvg_ws/src/install/local_setup.bash'
[3.822s] INFO:colcon.colcon_core.shell:Creating prefix chain script '/home/diego/Workspaces/ros2_roveruvg_ws/src/install/setup.bash'
[3.826s] INFO:colcon.colcon_core.shell:Creating prefix script '/home/diego/Workspaces/ros2_roveruvg_ws/src/install/local_setup.zsh'
[3.827s] INFO:colcon.colcon_core.shell:Creating prefix chain script '/home/diego/Workspaces/ros2_roveruvg_ws/src/install/setup.zsh'
