[5.535s] Invoking command in '/home/diego/Workspaces/ros2_roveruvg_ws/src/controllers': PYTHONPATH=/home/diego/Workspaces/ros2_roveruvg_ws/install/controllers/lib/python3.8/site-packages:${PYTHONPATH} /usr/bin/python3 setup.py egg_info --egg-base ../../build/controllers build --build-base /home/diego/Workspaces/ros2_roveruvg_ws/build/controllers/build install --prefix /home/diego/Workspaces/ros2_roveruvg_ws/install/controllers --record /home/diego/Workspaces/ros2_roveruvg_ws/build/controllers/install.log --single-version-externally-managed
[6.331s] running egg_info
[6.333s] writing ../../build/controllers/controllers.egg-info/PKG-INFO
[6.336s] writing dependency_links to ../../build/controllers/controllers.egg-info/dependency_links.txt
[6.337s] writing entry points to ../../build/controllers/controllers.egg-info/entry_points.txt
[6.338s] writing requirements to ../../build/controllers/controllers.egg-info/requires.txt
[6.339s] writing top-level names to ../../build/controllers/controllers.egg-info/top_level.txt
[6.631s] reading manifest file '../../build/controllers/controllers.egg-info/SOURCES.txt'
[6.637s] writing manifest file '../../build/controllers/controllers.egg-info/SOURCES.txt'
[6.638s] running build
[6.638s] running build_py
[6.646s] running install
[6.649s] running install_lib
[6.660s] running install_data
[6.673s] running install_egg_info
[6.678s] removing '/home/diego/Workspaces/ros2_roveruvg_ws/install/controllers/lib/python3.8/site-packages/controllers-0.0.0-py3.8.egg-info' (and everything under it)
[6.680s] Copying ../../build/controllers/controllers.egg-info to /home/diego/Workspaces/ros2_roveruvg_ws/install/controllers/lib/python3.8/site-packages/controllers-0.0.0-py3.8.egg-info
[6.685s] running install_scripts
[6.747s] Installing simple_controller script to /home/diego/Workspaces/ros2_roveruvg_ws/install/controllers/lib/controllers
[6.750s] writing list of installed files to '/home/diego/Workspaces/ros2_roveruvg_ws/build/controllers/install.log'
[6.951s] Invoked command in '/home/diego/Workspaces/ros2_roveruvg_ws/src/controllers' returned '0': PYTHONPATH=/home/diego/Workspaces/ros2_roveruvg_ws/install/controllers/lib/python3.8/site-packages:${PYTHONPATH} /usr/bin/python3 setup.py egg_info --egg-base ../../build/controllers build --build-base /home/diego/Workspaces/ros2_roveruvg_ws/build/controllers/build install --prefix /home/diego/Workspaces/ros2_roveruvg_ws/install/controllers --record /home/diego/Workspaces/ros2_roveruvg_ws/build/controllers/install.log --single-version-externally-managed
