[1.357s] DEBUG:colcon:Command line arguments: ['/usr/bin/colcon', 'build']
[1.357s] DEBUG:colcon:Parsed command line arguments: Namespace(allow_overriding=[], ament_cmake_args=None, base_paths=['.'], build_base='build', catkin_cmake_args=None, catkin_skip_building_tests=False, cmake_args=None, cmake_clean_cache=False, cmake_clean_first=False, cmake_force_configure=False, cmake_target=None, cmake_target_skip_unavailable=False, continue_on_error=False, event_handlers=None, executor='parallel', ignore_user_meta=False, install_base='install', log_base=None, log_level=None, main=<bound method BuildVerb.main of <colcon_core.verb.build.BuildVerb object at 0x7f732c919850>>, merge_install=False, metas=['./colcon.meta'], packages_above=None, packages_above_and_dependencies=None, packages_above_depth=None, packages_end=None, packages_ignore=None, packages_ignore_regex=None, packages_select=None, packages_select_build_failed=False, packages_select_by_dep=None, packages_select_regex=None, packages_select_test_failures=False, packages_skip=None, packages_skip_build_finished=False, packages_skip_by_dep=None, packages_skip_regex=None, packages_skip_test_passed=False, packages_skip_up_to=None, packages_start=None, packages_up_to=None, packages_up_to_regex=None, parallel_workers=2, paths=None, symlink_install=False, test_result_base=None, verb_extension=<colcon_core.verb.build.BuildVerb object at 0x7f732c919850>, verb_name='build', verb_parser=<colcon_defaults.argument_parser.defaults.DefaultArgumentsDecorator object at 0x7f732c919dc0>)
[1.572s] Level 1:colcon.colcon_core.package_discovery:discover_packages(colcon_meta) check parameters
[1.573s] Level 1:colcon.colcon_core.package_discovery:discover_packages(recursive) check parameters
[1.573s] Level 1:colcon.colcon_core.package_discovery:discover_packages(ignore) check parameters
[1.573s] Level 1:colcon.colcon_core.package_discovery:discover_packages(path) check parameters
[1.573s] Level 1:colcon.colcon_core.package_discovery:discover_packages(colcon_meta) discover
[1.573s] Level 1:colcon.colcon_core.package_discovery:discover_packages(recursive) discover
[1.573s] INFO:colcon.colcon_core.package_discovery:Crawling recursively for packages in '/home/diego/Workspaces/ros2_roveruvg_ws'
[1.574s] Level 1:colcon.colcon_core.package_identification:_identify(.) by extensions ['ignore', 'ignore_ament_install']
[1.574s] Level 1:colcon.colcon_core.package_identification:_identify(.) by extension 'ignore'
[1.582s] Level 1:colcon.colcon_core.package_identification:_identify(.) by extension 'ignore_ament_install'
[1.583s] Level 1:colcon.colcon_core.package_identification:_identify(.) by extensions ['colcon_pkg']
[1.583s] Level 1:colcon.colcon_core.package_identification:_identify(.) by extension 'colcon_pkg'
[1.583s] Level 1:colcon.colcon_core.package_identification:_identify(.) by extensions ['colcon_meta']
[1.583s] Level 1:colcon.colcon_core.package_identification:_identify(.) by extension 'colcon_meta'
[1.583s] Level 1:colcon.colcon_core.package_identification:_identify(.) by extensions ['ros']
[1.583s] Level 1:colcon.colcon_core.package_identification:_identify(.) by extension 'ros'
[1.664s] Level 1:colcon.colcon_core.package_identification:_identify(.) by extensions ['cmake', 'python']
[1.669s] Level 1:colcon.colcon_core.package_identification:_identify(.) by extension 'cmake'
[1.669s] Level 1:colcon.colcon_core.package_identification:_identify(.) by extension 'python'
[1.669s] Level 1:colcon.colcon_core.package_identification:_identify(.) by extensions ['python_setup_py']
[1.669s] Level 1:colcon.colcon_core.package_identification:_identify(.) by extension 'python_setup_py'
[1.670s] Level 1:colcon.colcon_core.package_identification:_identify(build) by extensions ['ignore', 'ignore_ament_install']
[1.670s] Level 1:colcon.colcon_core.package_identification:_identify(build) by extension 'ignore'
[1.670s] Level 1:colcon.colcon_core.package_identification:_identify(build) ignored
[1.671s] Level 1:colcon.colcon_core.package_identification:_identify(install) by extensions ['ignore', 'ignore_ament_install']
[1.671s] Level 1:colcon.colcon_core.package_identification:_identify(install) by extension 'ignore'
[1.671s] Level 1:colcon.colcon_core.package_identification:_identify(install) ignored
[1.671s] Level 1:colcon.colcon_core.package_identification:_identify(log) by extensions ['ignore', 'ignore_ament_install']
[1.672s] Level 1:colcon.colcon_core.package_identification:_identify(log) by extension 'ignore'
[1.672s] Level 1:colcon.colcon_core.package_identification:_identify(log) ignored
[1.676s] Level 1:colcon.colcon_core.package_identification:_identify(src) by extensions ['ignore', 'ignore_ament_install']
[1.676s] Level 1:colcon.colcon_core.package_identification:_identify(src) by extension 'ignore'
[1.683s] Level 1:colcon.colcon_core.package_identification:_identify(src) by extension 'ignore_ament_install'
[1.684s] Level 1:colcon.colcon_core.package_identification:_identify(src) by extensions ['colcon_pkg']
[1.684s] Level 1:colcon.colcon_core.package_identification:_identify(src) by extension 'colcon_pkg'
[1.684s] Level 1:colcon.colcon_core.package_identification:_identify(src) by extensions ['colcon_meta']
[1.684s] Level 1:colcon.colcon_core.package_identification:_identify(src) by extension 'colcon_meta'
[1.684s] Level 1:colcon.colcon_core.package_identification:_identify(src) by extensions ['ros']
[1.684s] Level 1:colcon.colcon_core.package_identification:_identify(src) by extension 'ros'
[1.684s] Level 1:colcon.colcon_core.package_identification:_identify(src) by extensions ['cmake', 'python']
[1.684s] Level 1:colcon.colcon_core.package_identification:_identify(src) by extension 'cmake'
[1.684s] Level 1:colcon.colcon_core.package_identification:_identify(src) by extension 'python'
[1.685s] Level 1:colcon.colcon_core.package_identification:_identify(src) by extensions ['python_setup_py']
[1.685s] Level 1:colcon.colcon_core.package_identification:_identify(src) by extension 'python_setup_py'
[1.687s] Level 1:colcon.colcon_core.package_identification:_identify(src/build) by extensions ['ignore', 'ignore_ament_install']
[1.687s] Level 1:colcon.colcon_core.package_identification:_identify(src/build) by extension 'ignore'
[1.690s] Level 1:colcon.colcon_core.package_identification:_identify(src/build) ignored
[1.691s] Level 1:colcon.colcon_core.package_identification:_identify(src/controllers) by extensions ['ignore', 'ignore_ament_install']
[1.692s] Level 1:colcon.colcon_core.package_identification:_identify(src/controllers) by extension 'ignore'
[1.692s] Level 1:colcon.colcon_core.package_identification:_identify(src/controllers) by extension 'ignore_ament_install'
[1.692s] Level 1:colcon.colcon_core.package_identification:_identify(src/controllers) by extensions ['colcon_pkg']
[1.692s] Level 1:colcon.colcon_core.package_identification:_identify(src/controllers) by extension 'colcon_pkg'
[1.692s] Level 1:colcon.colcon_core.package_identification:_identify(src/controllers) by extensions ['colcon_meta']
[1.692s] Level 1:colcon.colcon_core.package_identification:_identify(src/controllers) by extension 'colcon_meta'
[1.693s] Level 1:colcon.colcon_core.package_identification:_identify(src/controllers) by extensions ['ros']
[1.693s] Level 1:colcon.colcon_core.package_identification:_identify(src/controllers) by extension 'ros'
[1.709s] DEBUG:colcon.colcon_core.package_identification:Package 'src/controllers' with type 'ros.ament_python' and name 'controllers'
[1.710s] Level 1:colcon.colcon_core.package_identification:_identify(src/install) by extensions ['ignore', 'ignore_ament_install']
[1.711s] Level 1:colcon.colcon_core.package_identification:_identify(src/install) by extension 'ignore'
[1.711s] Level 1:colcon.colcon_core.package_identification:_identify(src/install) ignored
[1.712s] Level 1:colcon.colcon_core.package_identification:_identify(src/log) by extensions ['ignore', 'ignore_ament_install']
[1.713s] Level 1:colcon.colcon_core.package_identification:_identify(src/log) by extension 'ignore'
[1.713s] Level 1:colcon.colcon_core.package_identification:_identify(src/log) ignored
[1.715s] Level 1:colcon.colcon_core.package_identification:_identify(src/odometry_pkg) by extensions ['ignore', 'ignore_ament_install']
[1.715s] Level 1:colcon.colcon_core.package_identification:_identify(src/odometry_pkg) by extension 'ignore'
[1.715s] Level 1:colcon.colcon_core.package_identification:_identify(src/odometry_pkg) by extension 'ignore_ament_install'
[1.715s] Level 1:colcon.colcon_core.package_identification:_identify(src/odometry_pkg) by extensions ['colcon_pkg']
[1.715s] Level 1:colcon.colcon_core.package_identification:_identify(src/odometry_pkg) by extension 'colcon_pkg'
[1.715s] Level 1:colcon.colcon_core.package_identification:_identify(src/odometry_pkg) by extensions ['colcon_meta']
[1.716s] Level 1:colcon.colcon_core.package_identification:_identify(src/odometry_pkg) by extension 'colcon_meta'
[1.716s] Level 1:colcon.colcon_core.package_identification:_identify(src/odometry_pkg) by extensions ['ros']
[1.716s] Level 1:colcon.colcon_core.package_identification:_identify(src/odometry_pkg) by extension 'ros'
[1.719s] DEBUG:colcon.colcon_core.package_identification:Package 'src/odometry_pkg' with type 'ros.ament_python' and name 'odometry_pkg'
[1.719s] Level 1:colcon.colcon_core.package_discovery:discover_packages(recursive) using defaults
[1.719s] Level 1:colcon.colcon_core.package_discovery:discover_packages(ignore) discover
[1.720s] Level 1:colcon.colcon_core.package_discovery:discover_packages(ignore) using defaults
[1.720s] Level 1:colcon.colcon_core.package_discovery:discover_packages(path) discover
[1.720s] Level 1:colcon.colcon_core.package_discovery:discover_packages(path) using defaults
[1.940s] Level 1:colcon.colcon_core.package_discovery:discover_packages(prefix_path) check parameters
[1.940s] Level 1:colcon.colcon_core.package_discovery:discover_packages(prefix_path) discover
[1.961s] DEBUG:colcon.colcon_installed_package_information.package_discovery:Found 312 installed packages in /opt/ros/foxy
[1.974s] Level 1:colcon.colcon_core.package_discovery:discover_packages(prefix_path) using defaults
[2.517s] Level 5:colcon.colcon_core.verb:set package 'controllers' build argument 'cmake_args' from command line to 'None'
[2.517s] Level 5:colcon.colcon_core.verb:set package 'controllers' build argument 'cmake_target' from command line to 'None'
[2.517s] Level 5:colcon.colcon_core.verb:set package 'controllers' build argument 'cmake_target_skip_unavailable' from command line to 'False'
[2.518s] Level 5:colcon.colcon_core.verb:set package 'controllers' build argument 'cmake_clean_cache' from command line to 'False'
[2.518s] Level 5:colcon.colcon_core.verb:set package 'controllers' build argument 'cmake_clean_first' from command line to 'False'
[2.518s] Level 5:colcon.colcon_core.verb:set package 'controllers' build argument 'cmake_force_configure' from command line to 'False'
[2.518s] Level 5:colcon.colcon_core.verb:set package 'controllers' build argument 'ament_cmake_args' from command line to 'None'
[2.518s] Level 5:colcon.colcon_core.verb:set package 'controllers' build argument 'catkin_cmake_args' from command line to 'None'
[2.526s] Level 5:colcon.colcon_core.verb:set package 'controllers' build argument 'catkin_skip_building_tests' from command line to 'False'
[2.526s] DEBUG:colcon.colcon_core.verb:Building package 'controllers' with the following arguments: {'ament_cmake_args': None, 'build_base': '/home/diego/Workspaces/ros2_roveruvg_ws/build/controllers', 'catkin_cmake_args': None, 'catkin_skip_building_tests': False, 'cmake_args': None, 'cmake_clean_cache': False, 'cmake_clean_first': False, 'cmake_force_configure': False, 'cmake_target': None, 'cmake_target_skip_unavailable': False, 'install_base': '/home/diego/Workspaces/ros2_roveruvg_ws/install/controllers', 'merge_install': False, 'path': '/home/diego/Workspaces/ros2_roveruvg_ws/src/controllers', 'symlink_install': False, 'test_result_base': None}
[2.530s] Level 5:colcon.colcon_core.verb:set package 'odometry_pkg' build argument 'cmake_args' from command line to 'None'
[2.530s] Level 5:colcon.colcon_core.verb:set package 'odometry_pkg' build argument 'cmake_target' from command line to 'None'
[2.530s] Level 5:colcon.colcon_core.verb:set package 'odometry_pkg' build argument 'cmake_target_skip_unavailable' from command line to 'False'
[2.530s] Level 5:colcon.colcon_core.verb:set package 'odometry_pkg' build argument 'cmake_clean_cache' from command line to 'False'
[2.530s] Level 5:colcon.colcon_core.verb:set package 'odometry_pkg' build argument 'cmake_clean_first' from command line to 'False'
[2.530s] Level 5:colcon.colcon_core.verb:set package 'odometry_pkg' build argument 'cmake_force_configure' from command line to 'False'
[2.530s] Level 5:colcon.colcon_core.verb:set package 'odometry_pkg' build argument 'ament_cmake_args' from command line to 'None'
[2.530s] Level 5:colcon.colcon_core.verb:set package 'odometry_pkg' build argument 'catkin_cmake_args' from command line to 'None'
[2.531s] Level 5:colcon.colcon_core.verb:set package 'odometry_pkg' build argument 'catkin_skip_building_tests' from command line to 'False'
[2.531s] DEBUG:colcon.colcon_core.verb:Building package 'odometry_pkg' with the following arguments: {'ament_cmake_args': None, 'build_base': '/home/diego/Workspaces/ros2_roveruvg_ws/build/odometry_pkg', 'catkin_cmake_args': None, 'catkin_skip_building_tests': False, 'cmake_args': None, 'cmake_clean_cache': False, 'cmake_clean_first': False, 'cmake_force_configure': False, 'cmake_target': None, 'cmake_target_skip_unavailable': False, 'install_base': '/home/diego/Workspaces/ros2_roveruvg_ws/install/odometry_pkg', 'merge_install': False, 'path': '/home/diego/Workspaces/ros2_roveruvg_ws/src/odometry_pkg', 'symlink_install': False, 'test_result_base': None}
[2.533s] INFO:colcon.colcon_core.executor:Executing jobs using 'parallel' executor
[2.565s] DEBUG:colcon.colcon_parallel_executor.executor.parallel:run_until_complete
[2.565s] INFO:colcon.colcon_ros.task.ament_python.build:Building ROS package in '/home/diego/Workspaces/ros2_roveruvg_ws/src/controllers' with build type 'ament_python'
[2.566s] Level 1:colcon.colcon_core.shell:create_environment_hook('controllers', 'ament_prefix_path')
[2.635s] INFO:colcon.colcon_core.plugin_system:Skipping extension 'colcon_core.shell.bat': Not used on non-Windows systems
[2.635s] INFO:colcon.colcon_core.shell:Creating environment hook '/home/diego/Workspaces/ros2_roveruvg_ws/install/controllers/share/controllers/hook/ament_prefix_path.ps1'
[2.644s] INFO:colcon.colcon_core.shell:Creating environment descriptor '/home/diego/Workspaces/ros2_roveruvg_ws/install/controllers/share/controllers/hook/ament_prefix_path.dsv'
[2.647s] INFO:colcon.colcon_core.shell:Creating environment hook '/home/diego/Workspaces/ros2_roveruvg_ws/install/controllers/share/controllers/hook/ament_prefix_path.sh'
[2.665s] INFO:colcon.colcon_core.shell:Skip shell extension 'powershell' for command environment: Not usable outside of PowerShell
[2.665s] DEBUG:colcon.colcon_core.shell:Skip shell extension 'dsv' for command environment
[2.701s] INFO:colcon.colcon_ros.task.ament_python.build:Building ROS package in '/home/diego/Workspaces/ros2_roveruvg_ws/src/odometry_pkg' with build type 'ament_python'
[2.707s] Level 1:colcon.colcon_core.shell:create_environment_hook('odometry_pkg', 'ament_prefix_path')
[2.718s] INFO:colcon.colcon_core.shell:Creating environment hook '/home/diego/Workspaces/ros2_roveruvg_ws/install/odometry_pkg/share/odometry_pkg/hook/ament_prefix_path.ps1'
[2.737s] INFO:colcon.colcon_core.shell:Creating environment descriptor '/home/diego/Workspaces/ros2_roveruvg_ws/install/odometry_pkg/share/odometry_pkg/hook/ament_prefix_path.dsv'
[2.738s] INFO:colcon.colcon_core.shell:Creating environment hook '/home/diego/Workspaces/ros2_roveruvg_ws/install/odometry_pkg/share/odometry_pkg/hook/ament_prefix_path.sh'
[2.751s] INFO:colcon.colcon_core.shell:Skip shell extension 'powershell' for command environment: Not usable outside of PowerShell
[2.751s] DEBUG:colcon.colcon_core.shell:Skip shell extension 'dsv' for command environment
[3.885s] INFO:colcon.colcon_core.task.python.build:Building Python package in '/home/diego/Workspaces/ros2_roveruvg_ws/src/controllers'
[3.889s] INFO:colcon.colcon_core.shell:Skip shell extension 'powershell' for command environment: Not usable outside of PowerShell
[3.889s] DEBUG:colcon.colcon_core.shell:Skip shell extension 'dsv' for command environment
[5.104s] INFO:colcon.colcon_core.task.python.build:Building Python package in '/home/diego/Workspaces/ros2_roveruvg_ws/src/odometry_pkg'
[5.118s] INFO:colcon.colcon_core.shell:Skip shell extension 'powershell' for command environment: Not usable outside of PowerShell
[5.119s] DEBUG:colcon.colcon_core.shell:Skip shell extension 'dsv' for command environment
[9.964s] DEBUG:colcon.colcon_core.event_handler.log_command:Invoking command in '/home/diego/Workspaces/ros2_roveruvg_ws/src/odometry_pkg': PYTHONPATH=/home/diego/Workspaces/ros2_roveruvg_ws/install/odometry_pkg/lib/python3.8/site-packages:${PYTHONPATH} /usr/bin/python3 setup.py egg_info --egg-base ../../build/odometry_pkg build --build-base /home/diego/Workspaces/ros2_roveruvg_ws/build/odometry_pkg/build install --prefix /home/diego/Workspaces/ros2_roveruvg_ws/install/odometry_pkg --record /home/diego/Workspaces/ros2_roveruvg_ws/build/odometry_pkg/install.log --single-version-externally-managed
[10.065s] DEBUG:colcon.colcon_core.event_handler.log_command:Invoking command in '/home/diego/Workspaces/ros2_roveruvg_ws/src/controllers': PYTHONPATH=/home/diego/Workspaces/ros2_roveruvg_ws/install/controllers/lib/python3.8/site-packages:${PYTHONPATH} /usr/bin/python3 setup.py egg_info --egg-base ../../build/controllers build --build-base /home/diego/Workspaces/ros2_roveruvg_ws/build/controllers/build install --prefix /home/diego/Workspaces/ros2_roveruvg_ws/install/controllers --record /home/diego/Workspaces/ros2_roveruvg_ws/build/controllers/install.log --single-version-externally-managed
[14.393s] DEBUG:colcon.colcon_core.event_handler.log_command:Invoked command in '/home/diego/Workspaces/ros2_roveruvg_ws/src/controllers' returned '0': PYTHONPATH=/home/diego/Workspaces/ros2_roveruvg_ws/install/controllers/lib/python3.8/site-packages:${PYTHONPATH} /usr/bin/python3 setup.py egg_info --egg-base ../../build/controllers build --build-base /home/diego/Workspaces/ros2_roveruvg_ws/build/controllers/build install --prefix /home/diego/Workspaces/ros2_roveruvg_ws/install/controllers --record /home/diego/Workspaces/ros2_roveruvg_ws/build/controllers/install.log --single-version-externally-managed
[14.465s] Level 1:colcon.colcon_core.environment:checking '/home/diego/Workspaces/ros2_roveruvg_ws/install/controllers' for CMake module files
[14.466s] Level 1:colcon.colcon_core.environment:checking '/home/diego/Workspaces/ros2_roveruvg_ws/install/controllers' for CMake config files
[14.474s] Level 1:colcon.colcon_core.environment:checking '/home/diego/Workspaces/ros2_roveruvg_ws/install/controllers/lib'
[14.475s] Level 1:colcon.colcon_core.environment:checking '/home/diego/Workspaces/ros2_roveruvg_ws/install/controllers/bin'
[14.475s] Level 1:colcon.colcon_core.environment:checking '/home/diego/Workspaces/ros2_roveruvg_ws/install/controllers/lib/pkgconfig/controllers.pc'
[14.476s] Level 1:colcon.colcon_core.environment:checking '/home/diego/Workspaces/ros2_roveruvg_ws/install/controllers/lib/python3.8/site-packages'
[14.476s] Level 1:colcon.colcon_core.shell:create_environment_hook('controllers', 'pythonpath')
[14.480s] INFO:colcon.colcon_core.shell:Creating environment hook '/home/diego/Workspaces/ros2_roveruvg_ws/install/controllers/share/controllers/hook/pythonpath.ps1'
[14.491s] INFO:colcon.colcon_core.shell:Creating environment descriptor '/home/diego/Workspaces/ros2_roveruvg_ws/install/controllers/share/controllers/hook/pythonpath.dsv'
[14.492s] INFO:colcon.colcon_core.shell:Creating environment hook '/home/diego/Workspaces/ros2_roveruvg_ws/install/controllers/share/controllers/hook/pythonpath.sh'
[14.494s] Level 1:colcon.colcon_core.environment:checking '/home/diego/Workspaces/ros2_roveruvg_ws/install/controllers/bin'
[14.494s] Level 1:colcon.colcon_core.environment:create_environment_scripts_only(controllers)
[14.498s] INFO:colcon.colcon_core.shell:Creating package script '/home/diego/Workspaces/ros2_roveruvg_ws/install/controllers/share/controllers/package.ps1'
[14.506s] INFO:colcon.colcon_core.shell:Creating package descriptor '/home/diego/Workspaces/ros2_roveruvg_ws/install/controllers/share/controllers/package.dsv'
[14.512s] INFO:colcon.colcon_core.shell:Creating package script '/home/diego/Workspaces/ros2_roveruvg_ws/install/controllers/share/controllers/package.sh'
[14.518s] INFO:colcon.colcon_core.shell:Creating package script '/home/diego/Workspaces/ros2_roveruvg_ws/install/controllers/share/controllers/package.bash'
[14.526s] INFO:colcon.colcon_core.shell:Creating package script '/home/diego/Workspaces/ros2_roveruvg_ws/install/controllers/share/controllers/package.zsh'
[14.531s] Level 1:colcon.colcon_core.environment:create_file_with_runtime_dependencies(/home/diego/Workspaces/ros2_roveruvg_ws/install/controllers/share/colcon-core/packages/controllers)
[14.546s] DEBUG:colcon.colcon_core.event_handler.log_command:Invoked command in '/home/diego/Workspaces/ros2_roveruvg_ws/src/odometry_pkg' returned '0': PYTHONPATH=/home/diego/Workspaces/ros2_roveruvg_ws/install/odometry_pkg/lib/python3.8/site-packages:${PYTHONPATH} /usr/bin/python3 setup.py egg_info --egg-base ../../build/odometry_pkg build --build-base /home/diego/Workspaces/ros2_roveruvg_ws/build/odometry_pkg/build install --prefix /home/diego/Workspaces/ros2_roveruvg_ws/install/odometry_pkg --record /home/diego/Workspaces/ros2_roveruvg_ws/build/odometry_pkg/install.log --single-version-externally-managed
[14.556s] Level 1:colcon.colcon_core.environment:checking '/home/diego/Workspaces/ros2_roveruvg_ws/install/odometry_pkg' for CMake module files
[14.557s] Level 1:colcon.colcon_core.environment:checking '/home/diego/Workspaces/ros2_roveruvg_ws/install/odometry_pkg' for CMake config files
[14.567s] Level 1:colcon.colcon_core.environment:checking '/home/diego/Workspaces/ros2_roveruvg_ws/install/odometry_pkg/lib'
[14.571s] Level 1:colcon.colcon_core.environment:checking '/home/diego/Workspaces/ros2_roveruvg_ws/install/odometry_pkg/bin'
[14.571s] Level 1:colcon.colcon_core.environment:checking '/home/diego/Workspaces/ros2_roveruvg_ws/install/odometry_pkg/lib/pkgconfig/odometry_pkg.pc'
[14.572s] Level 1:colcon.colcon_core.environment:checking '/home/diego/Workspaces/ros2_roveruvg_ws/install/odometry_pkg/lib/python3.8/site-packages'
[14.572s] Level 1:colcon.colcon_core.shell:create_environment_hook('odometry_pkg', 'pythonpath')
[14.585s] INFO:colcon.colcon_core.shell:Creating environment hook '/home/diego/Workspaces/ros2_roveruvg_ws/install/odometry_pkg/share/odometry_pkg/hook/pythonpath.ps1'
[14.599s] INFO:colcon.colcon_core.shell:Creating environment descriptor '/home/diego/Workspaces/ros2_roveruvg_ws/install/odometry_pkg/share/odometry_pkg/hook/pythonpath.dsv'
[14.610s] INFO:colcon.colcon_core.shell:Creating environment hook '/home/diego/Workspaces/ros2_roveruvg_ws/install/odometry_pkg/share/odometry_pkg/hook/pythonpath.sh'
[14.612s] Level 1:colcon.colcon_core.environment:checking '/home/diego/Workspaces/ros2_roveruvg_ws/install/odometry_pkg/bin'
[14.613s] Level 1:colcon.colcon_core.environment:create_environment_scripts_only(odometry_pkg)
[14.633s] INFO:colcon.colcon_core.shell:Creating package script '/home/diego/Workspaces/ros2_roveruvg_ws/install/odometry_pkg/share/odometry_pkg/package.ps1'
[14.639s] INFO:colcon.colcon_core.shell:Creating package descriptor '/home/diego/Workspaces/ros2_roveruvg_ws/install/odometry_pkg/share/odometry_pkg/package.dsv'
[14.646s] INFO:colcon.colcon_core.shell:Creating package script '/home/diego/Workspaces/ros2_roveruvg_ws/install/odometry_pkg/share/odometry_pkg/package.sh'
[14.651s] INFO:colcon.colcon_core.shell:Creating package script '/home/diego/Workspaces/ros2_roveruvg_ws/install/odometry_pkg/share/odometry_pkg/package.bash'
[14.653s] INFO:colcon.colcon_core.shell:Creating package script '/home/diego/Workspaces/ros2_roveruvg_ws/install/odometry_pkg/share/odometry_pkg/package.zsh'
[14.657s] Level 1:colcon.colcon_core.environment:create_file_with_runtime_dependencies(/home/diego/Workspaces/ros2_roveruvg_ws/install/odometry_pkg/share/colcon-core/packages/odometry_pkg)
[14.660s] DEBUG:colcon.colcon_parallel_executor.executor.parallel:closing loop
[14.665s] DEBUG:colcon.colcon_parallel_executor.executor.parallel:loop closed
[14.665s] DEBUG:colcon.colcon_parallel_executor.executor.parallel:run_until_complete finished with '0'
[14.665s] DEBUG:colcon.colcon_core.event_reactor:joining thread
[14.718s] INFO:colcon.colcon_core.plugin_system:Skipping extension 'colcon_notification.desktop_notification.terminal_notifier': Not used on non-Darwin systems
[14.718s] INFO:colcon.colcon_core.plugin_system:Skipping extension 'colcon_notification.desktop_notification.win32': Not used on non-Windows systems
[14.719s] INFO:colcon.colcon_notification.desktop_notification:Sending desktop notification using 'notify2'
[14.959s] DEBUG:colcon.colcon_core.event_reactor:joined thread
[14.962s] INFO:colcon.colcon_core.shell:Creating prefix script '/home/diego/Workspaces/ros2_roveruvg_ws/install/local_setup.ps1'
[14.968s] INFO:colcon.colcon_core.shell:Creating prefix util module '/home/diego/Workspaces/ros2_roveruvg_ws/install/_local_setup_util_ps1.py'
[14.978s] INFO:colcon.colcon_core.shell:Creating prefix chain script '/home/diego/Workspaces/ros2_roveruvg_ws/install/setup.ps1'
[14.993s] INFO:colcon.colcon_core.shell:Creating prefix script '/home/diego/Workspaces/ros2_roveruvg_ws/install/local_setup.sh'
[14.996s] INFO:colcon.colcon_core.shell:Creating prefix util module '/home/diego/Workspaces/ros2_roveruvg_ws/install/_local_setup_util_sh.py'
[15.002s] INFO:colcon.colcon_core.shell:Creating prefix chain script '/home/diego/Workspaces/ros2_roveruvg_ws/install/setup.sh'
[15.015s] INFO:colcon.colcon_core.shell:Creating prefix script '/home/diego/Workspaces/ros2_roveruvg_ws/install/local_setup.bash'
[15.034s] INFO:colcon.colcon_core.shell:Creating prefix chain script '/home/diego/Workspaces/ros2_roveruvg_ws/install/setup.bash'
[15.044s] INFO:colcon.colcon_core.shell:Creating prefix script '/home/diego/Workspaces/ros2_roveruvg_ws/install/local_setup.zsh'
[15.048s] INFO:colcon.colcon_core.shell:Creating prefix chain script '/home/diego/Workspaces/ros2_roveruvg_ws/install/setup.zsh'
