[2.402s] Invoking command in '/home/diego/Workspaces/ros2_roveruvg_ws/src/controllers': PYTHONPATH=/home/diego/Workspaces/ros2_roveruvg_ws/install/controllers/lib/python3.8/site-packages:${PYTHONPATH} /usr/bin/python3 setup.py egg_info --egg-base ../../build/controllers build --build-base /home/diego/Workspaces/ros2_roveruvg_ws/build/controllers/build install --prefix /home/diego/Workspaces/ros2_roveruvg_ws/install/controllers --record /home/diego/Workspaces/ros2_roveruvg_ws/build/controllers/install.log --single-version-externally-managed
[2.980s] running egg_info
[2.982s] writing ../../build/controllers/controllers.egg-info/PKG-INFO
[2.984s] writing dependency_links to ../../build/controllers/controllers.egg-info/dependency_links.txt
[2.985s] writing entry points to ../../build/controllers/controllers.egg-info/entry_points.txt
[2.987s] writing requirements to ../../build/controllers/controllers.egg-info/requires.txt
[2.991s] writing top-level names to ../../build/controllers/controllers.egg-info/top_level.txt
[3.092s] reading manifest file '../../build/controllers/controllers.egg-info/SOURCES.txt'
[3.095s] writing manifest file '../../build/controllers/controllers.egg-info/SOURCES.txt'
[3.096s] running build
[3.096s] running build_py
[3.097s] running install
[3.100s] running install_lib
[3.104s] running install_data
[3.106s] running install_egg_info
[3.112s] removing '/home/diego/Workspaces/ros2_roveruvg_ws/install/controllers/lib/python3.8/site-packages/controllers-0.0.0-py3.8.egg-info' (and everything under it)
[3.113s] Copying ../../build/controllers/controllers.egg-info to /home/diego/Workspaces/ros2_roveruvg_ws/install/controllers/lib/python3.8/site-packages/controllers-0.0.0-py3.8.egg-info
[3.115s] running install_scripts
[3.160s] Installing simple_controller script to /home/diego/Workspaces/ros2_roveruvg_ws/install/controllers/lib/controllers
[3.163s] writing list of installed files to '/home/diego/Workspaces/ros2_roveruvg_ws/build/controllers/install.log'
[3.238s] Invoked command in '/home/diego/Workspaces/ros2_roveruvg_ws/src/controllers' returned '0': PYTHONPATH=/home/diego/Workspaces/ros2_roveruvg_ws/install/controllers/lib/python3.8/site-packages:${PYTHONPATH} /usr/bin/python3 setup.py egg_info --egg-base ../../build/controllers build --build-base /home/diego/Workspaces/ros2_roveruvg_ws/build/controllers/build install --prefix /home/diego/Workspaces/ros2_roveruvg_ws/install/controllers --record /home/diego/Workspaces/ros2_roveruvg_ws/build/controllers/install.log --single-version-externally-managed
