[3.119s] Invoking command in '/home/diego/Workspaces/ros2_roveruvg_ws/src/controllers': PYTHONPATH=/home/diego/Workspaces/ros2_roveruvg_ws/install/controllers/lib/python3.8/site-packages:${PYTHONPATH} /usr/bin/python3 setup.py egg_info --egg-base ../../build/controllers build --build-base /home/diego/Workspaces/ros2_roveruvg_ws/build/controllers/build install --prefix /home/diego/Workspaces/ros2_roveruvg_ws/install/controllers --record /home/diego/Workspaces/ros2_roveruvg_ws/build/controllers/install.log --single-version-externally-managed
[4.084s] running egg_info
[4.087s] writing ../../build/controllers/controllers.egg-info/PKG-INFO
[4.088s] writing dependency_links to ../../build/controllers/controllers.egg-info/dependency_links.txt
[4.089s] writing entry points to ../../build/controllers/controllers.egg-info/entry_points.txt
[4.090s] writing requirements to ../../build/controllers/controllers.egg-info/requires.txt
[4.091s] writing top-level names to ../../build/controllers/controllers.egg-info/top_level.txt
[4.214s] reading manifest file '../../build/controllers/controllers.egg-info/SOURCES.txt'
[4.216s] writing manifest file '../../build/controllers/controllers.egg-info/SOURCES.txt'
[4.217s] running build
[4.217s] running build_py
[4.218s] running install
[4.221s] running install_lib
[4.225s] running install_data
[4.226s] running install_egg_info
[4.232s] removing '/home/diego/Workspaces/ros2_roveruvg_ws/install/controllers/lib/python3.8/site-packages/controllers-0.0.0-py3.8.egg-info' (and everything under it)
[4.232s] Copying ../../build/controllers/controllers.egg-info to /home/diego/Workspaces/ros2_roveruvg_ws/install/controllers/lib/python3.8/site-packages/controllers-0.0.0-py3.8.egg-info
[4.236s] running install_scripts
[4.286s] Installing simple_controller script to /home/diego/Workspaces/ros2_roveruvg_ws/install/controllers/lib/controllers
[4.289s] writing list of installed files to '/home/diego/Workspaces/ros2_roveruvg_ws/build/controllers/install.log'
[4.375s] Invoked command in '/home/diego/Workspaces/ros2_roveruvg_ws/src/controllers' returned '0': PYTHONPATH=/home/diego/Workspaces/ros2_roveruvg_ws/install/controllers/lib/python3.8/site-packages:${PYTHONPATH} /usr/bin/python3 setup.py egg_info --egg-base ../../build/controllers build --build-base /home/diego/Workspaces/ros2_roveruvg_ws/build/controllers/build install --prefix /home/diego/Workspaces/ros2_roveruvg_ws/install/controllers --record /home/diego/Workspaces/ros2_roveruvg_ws/build/controllers/install.log --single-version-externally-managed
