[6.564s] Invoking command in '/home/diego/Workspaces/ros2_roveruvg_ws/src/controllers': PYTHONPATH=/home/diego/Workspaces/ros2_roveruvg_ws/install/controllers/lib/python3.8/site-packages:${PYTHONPATH} /usr/bin/python3 setup.py egg_info --egg-base ../../build/controllers build --build-base /home/diego/Workspaces/ros2_roveruvg_ws/build/controllers/build install --prefix /home/diego/Workspaces/ros2_roveruvg_ws/install/controllers --record /home/diego/Workspaces/ros2_roveruvg_ws/build/controllers/install.log --single-version-externally-managed
[8.459s] running egg_info
[8.467s] writing ../../build/controllers/controllers.egg-info/PKG-INFO
[8.471s] writing dependency_links to ../../build/controllers/controllers.egg-info/dependency_links.txt
[8.476s] writing entry points to ../../build/controllers/controllers.egg-info/entry_points.txt
[8.476s] writing requirements to ../../build/controllers/controllers.egg-info/requires.txt
[8.485s] writing top-level names to ../../build/controllers/controllers.egg-info/top_level.txt
[8.793s] reading manifest file '../../build/controllers/controllers.egg-info/SOURCES.txt'
[8.804s] writing manifest file '../../build/controllers/controllers.egg-info/SOURCES.txt'
[8.805s] running build
[8.806s] running build_py
[8.807s] running install
[8.815s] running install_lib
[8.828s] running install_data
[8.833s] running install_egg_info
[8.847s] removing '/home/diego/Workspaces/ros2_roveruvg_ws/install/controllers/lib/python3.8/site-packages/controllers-0.0.0-py3.8.egg-info' (and everything under it)
[8.849s] Copying ../../build/controllers/controllers.egg-info to /home/diego/Workspaces/ros2_roveruvg_ws/install/controllers/lib/python3.8/site-packages/controllers-0.0.0-py3.8.egg-info
[8.858s] running install_scripts
[9.022s] Installing simple_controller script to /home/diego/Workspaces/ros2_roveruvg_ws/install/controllers/lib/controllers
[9.030s] writing list of installed files to '/home/diego/Workspaces/ros2_roveruvg_ws/build/controllers/install.log'
[9.298s] Invoked command in '/home/diego/Workspaces/ros2_roveruvg_ws/src/controllers' returned '0': PYTHONPATH=/home/diego/Workspaces/ros2_roveruvg_ws/install/controllers/lib/python3.8/site-packages:${PYTHONPATH} /usr/bin/python3 setup.py egg_info --egg-base ../../build/controllers build --build-base /home/diego/Workspaces/ros2_roveruvg_ws/build/controllers/build install --prefix /home/diego/Workspaces/ros2_roveruvg_ws/install/controllers --record /home/diego/Workspaces/ros2_roveruvg_ws/build/controllers/install.log --single-version-externally-managed
