[6.156s] Invoking command in '/home/diego/Workspaces/ros2_roveruvg_ws/src/controllers': PYTHONPATH=/home/diego/Workspaces/ros2_roveruvg_ws/install/controllers/lib/python3.8/site-packages:${PYTHONPATH} /usr/bin/python3 setup.py egg_info --egg-base ../../build/controllers build --build-base /home/diego/Workspaces/ros2_roveruvg_ws/build/controllers/build install --prefix /home/diego/Workspaces/ros2_roveruvg_ws/install/controllers --record /home/diego/Workspaces/ros2_roveruvg_ws/build/controllers/install.log --single-version-externally-managed
[7.852s] running egg_info
[7.864s] writing ../../build/controllers/controllers.egg-info/PKG-INFO
[7.865s] writing dependency_links to ../../build/controllers/controllers.egg-info/dependency_links.txt
[7.867s] writing entry points to ../../build/controllers/controllers.egg-info/entry_points.txt
[7.867s] writing requirements to ../../build/controllers/controllers.egg-info/requires.txt
[7.868s] writing top-level names to ../../build/controllers/controllers.egg-info/top_level.txt
[8.162s] reading manifest file '../../build/controllers/controllers.egg-info/SOURCES.txt'
[8.165s] writing manifest file '../../build/controllers/controllers.egg-info/SOURCES.txt'
[8.166s] running build
[8.167s] running build_py
[8.173s] running install
[8.176s] running install_lib
[8.196s] running install_data
[8.202s] running install_egg_info
[8.216s] removing '/home/diego/Workspaces/ros2_roveruvg_ws/install/controllers/lib/python3.8/site-packages/controllers-0.0.0-py3.8.egg-info' (and everything under it)
[8.224s] Copying ../../build/controllers/controllers.egg-info to /home/diego/Workspaces/ros2_roveruvg_ws/install/controllers/lib/python3.8/site-packages/controllers-0.0.0-py3.8.egg-info
[8.228s] running install_scripts
[8.336s] Installing simple_controller script to /home/diego/Workspaces/ros2_roveruvg_ws/install/controllers/lib/controllers
[8.346s] writing list of installed files to '/home/diego/Workspaces/ros2_roveruvg_ws/build/controllers/install.log'
[8.515s] Invoked command in '/home/diego/Workspaces/ros2_roveruvg_ws/src/controllers' returned '0': PYTHONPATH=/home/diego/Workspaces/ros2_roveruvg_ws/install/controllers/lib/python3.8/site-packages:${PYTHONPATH} /usr/bin/python3 setup.py egg_info --egg-base ../../build/controllers build --build-base /home/diego/Workspaces/ros2_roveruvg_ws/build/controllers/build install --prefix /home/diego/Workspaces/ros2_roveruvg_ws/install/controllers --record /home/diego/Workspaces/ros2_roveruvg_ws/build/controllers/install.log --single-version-externally-managed
