[2.536s] Invoking command in '/home/diego/Workspaces/ros2_roveruvg_ws/src/controllers': PYTHONPATH=/home/diego/Workspaces/ros2_roveruvg_ws/install/controllers/lib/python3.8/site-packages:${PYTHONPATH} /usr/bin/python3 setup.py egg_info --egg-base ../../build/controllers build --build-base /home/diego/Workspaces/ros2_roveruvg_ws/build/controllers/build install --prefix /home/diego/Workspaces/ros2_roveruvg_ws/install/controllers --record /home/diego/Workspaces/ros2_roveruvg_ws/build/controllers/install.log --single-version-externally-managed
[3.152s] running egg_info
[3.159s] writing ../../build/controllers/controllers.egg-info/PKG-INFO
[3.160s] writing dependency_links to ../../build/controllers/controllers.egg-info/dependency_links.txt
[3.161s] writing entry points to ../../build/controllers/controllers.egg-info/entry_points.txt
[3.162s] writing requirements to ../../build/controllers/controllers.egg-info/requires.txt
[3.163s] writing top-level names to ../../build/controllers/controllers.egg-info/top_level.txt
[3.264s] reading manifest file '../../build/controllers/controllers.egg-info/SOURCES.txt'
[3.266s] writing manifest file '../../build/controllers/controllers.egg-info/SOURCES.txt'
[3.268s] running build
[3.268s] running build_py
[3.270s] running install
[3.274s] running install_lib
[3.279s] running install_data
[3.282s] running install_egg_info
[3.286s] removing '/home/diego/Workspaces/ros2_roveruvg_ws/install/controllers/lib/python3.8/site-packages/controllers-0.0.0-py3.8.egg-info' (and everything under it)
[3.287s] Copying ../../build/controllers/controllers.egg-info to /home/diego/Workspaces/ros2_roveruvg_ws/install/controllers/lib/python3.8/site-packages/controllers-0.0.0-py3.8.egg-info
[3.290s] running install_scripts
[3.337s] Installing simple_controller script to /home/diego/Workspaces/ros2_roveruvg_ws/install/controllers/lib/controllers
[3.338s] writing list of installed files to '/home/diego/Workspaces/ros2_roveruvg_ws/build/controllers/install.log'
[3.484s] Invoked command in '/home/diego/Workspaces/ros2_roveruvg_ws/src/controllers' returned '0': PYTHONPATH=/home/diego/Workspaces/ros2_roveruvg_ws/install/controllers/lib/python3.8/site-packages:${PYTHONPATH} /usr/bin/python3 setup.py egg_info --egg-base ../../build/controllers build --build-base /home/diego/Workspaces/ros2_roveruvg_ws/build/controllers/build install --prefix /home/diego/Workspaces/ros2_roveruvg_ws/install/controllers --record /home/diego/Workspaces/ros2_roveruvg_ws/build/controllers/install.log --single-version-externally-managed
