[6.879s] Invoking command in '/home/diego/Workspaces/ros2_roveruvg_ws/src/controllers': PYTHONPATH=/home/diego/Workspaces/ros2_roveruvg_ws/install/controllers/lib/python3.8/site-packages:${PYTHONPATH} /usr/bin/python3 setup.py egg_info --egg-base ../../build/controllers build --build-base /home/diego/Workspaces/ros2_roveruvg_ws/build/controllers/build install --prefix /home/diego/Workspaces/ros2_roveruvg_ws/install/controllers --record /home/diego/Workspaces/ros2_roveruvg_ws/build/controllers/install.log --single-version-externally-managed
[9.076s] running egg_info
[9.077s] writing ../../build/controllers/controllers.egg-info/PKG-INFO
[9.077s] writing dependency_links to ../../build/controllers/controllers.egg-info/dependency_links.txt
[9.077s] writing entry points to ../../build/controllers/controllers.egg-info/entry_points.txt
[9.077s] writing requirements to ../../build/controllers/controllers.egg-info/requires.txt
[9.077s] writing top-level names to ../../build/controllers/controllers.egg-info/top_level.txt
[9.342s] reading manifest file '../../build/controllers/controllers.egg-info/SOURCES.txt'
[9.344s] writing manifest file '../../build/controllers/controllers.egg-info/SOURCES.txt'
[9.345s] running build
[9.345s] running build_py
[9.345s] running install
[9.350s] running install_lib
[9.360s] running install_data
[9.361s] running install_egg_info
[9.368s] removing '/home/diego/Workspaces/ros2_roveruvg_ws/install/controllers/lib/python3.8/site-packages/controllers-0.0.0-py3.8.egg-info' (and everything under it)
[9.368s] Copying ../../build/controllers/controllers.egg-info to /home/diego/Workspaces/ros2_roveruvg_ws/install/controllers/lib/python3.8/site-packages/controllers-0.0.0-py3.8.egg-info
[9.373s] running install_scripts
[9.463s] Installing simple_controller script to /home/diego/Workspaces/ros2_roveruvg_ws/install/controllers/lib/controllers
[9.467s] writing list of installed files to '/home/diego/Workspaces/ros2_roveruvg_ws/build/controllers/install.log'
[9.593s] Invoked command in '/home/diego/Workspaces/ros2_roveruvg_ws/src/controllers' returned '0': PYTHONPATH=/home/diego/Workspaces/ros2_roveruvg_ws/install/controllers/lib/python3.8/site-packages:${PYTHONPATH} /usr/bin/python3 setup.py egg_info --egg-base ../../build/controllers build --build-base /home/diego/Workspaces/ros2_roveruvg_ws/build/controllers/build install --prefix /home/diego/Workspaces/ros2_roveruvg_ws/install/controllers --record /home/diego/Workspaces/ros2_roveruvg_ws/build/controllers/install.log --single-version-externally-managed
