running egg_info
creating ../../build/odometry_pkg/odometry_pkg.egg-info
writing ../../build/odometry_pkg/odometry_pkg.egg-info/PKG-INFO
writing dependency_links to ../../build/odometry_pkg/odometry_pkg.egg-info/dependency_links.txt
writing entry points to ../../build/odometry_pkg/odometry_pkg.egg-info/entry_points.txt
writing requirements to ../../build/odometry_pkg/odometry_pkg.egg-info/requires.txt
writing top-level names to ../../build/odometry_pkg/odometry_pkg.egg-info/top_level.txt
writing manifest file '../../build/odometry_pkg/odometry_pkg.egg-info/SOURCES.txt'
reading manifest file '../../build/odometry_pkg/odometry_pkg.egg-info/SOURCES.txt'
writing manifest file '../../build/odometry_pkg/odometry_pkg.egg-info/SOURCES.txt'
running build
running build_py
creating /home/diego/Workspaces/ros2_roveruvg_ws/build/odometry_pkg/build
creating /home/diego/Workspaces/ros2_roveruvg_ws/build/odometry_pkg/build/lib
creating /home/diego/Workspaces/ros2_roveruvg_ws/build/odometry_pkg/build/lib/odometry_pkg
copying odometry_pkg/hardware_arduino_wheels.py -> /home/diego/Workspaces/ros2_roveruvg_ws/build/odometry_pkg/build/lib/odometry_pkg
copying odometry_pkg/optitrack_client.py -> /home/diego/Workspaces/ros2_roveruvg_ws/build/odometry_pkg/build/lib/odometry_pkg
copying odometry_pkg/__init__.py -> /home/diego/Workspaces/ros2_roveruvg_ws/build/odometry_pkg/build/lib/odometry_pkg
copying odometry_pkg/node_dwm1001.py -> /home/diego/Workspaces/ros2_roveruvg_ws/build/odometry_pkg/build/lib/odometry_pkg
running install
running install_lib
creating /home/diego/Workspaces/ros2_roveruvg_ws/install/odometry_pkg/lib/python3.8/site-packages/odometry_pkg
copying /home/diego/Workspaces/ros2_roveruvg_ws/build/odometry_pkg/build/lib/odometry_pkg/hardware_arduino_wheels.py -> /home/diego/Workspaces/ros2_roveruvg_ws/install/odometry_pkg/lib/python3.8/site-packages/odometry_pkg
copying /home/diego/Workspaces/ros2_roveruvg_ws/build/odometry_pkg/build/lib/odometry_pkg/optitrack_client.py -> /home/diego/Workspaces/ros2_roveruvg_ws/install/odometry_pkg/lib/python3.8/site-packages/odometry_pkg
copying /home/diego/Workspaces/ros2_roveruvg_ws/build/odometry_pkg/build/lib/odometry_pkg/__init__.py -> /home/diego/Workspaces/ros2_roveruvg_ws/install/odometry_pkg/lib/python3.8/site-packages/odometry_pkg
copying /home/diego/Workspaces/ros2_roveruvg_ws/build/odometry_pkg/build/lib/odometry_pkg/node_dwm1001.py -> /home/diego/Workspaces/ros2_roveruvg_ws/install/odometry_pkg/lib/python3.8/site-packages/odometry_pkg
byte-compiling /home/diego/Workspaces/ros2_roveruvg_ws/install/odometry_pkg/lib/python3.8/site-packages/odometry_pkg/hardware_arduino_wheels.py to hardware_arduino_wheels.cpython-38.pyc
byte-compiling /home/diego/Workspaces/ros2_roveruvg_ws/install/odometry_pkg/lib/python3.8/site-packages/odometry_pkg/optitrack_client.py to optitrack_client.cpython-38.pyc
byte-compiling /home/diego/Workspaces/ros2_roveruvg_ws/install/odometry_pkg/lib/python3.8/site-packages/odometry_pkg/__init__.py to __init__.cpython-38.pyc
byte-compiling /home/diego/Workspaces/ros2_roveruvg_ws/install/odometry_pkg/lib/python3.8/site-packages/odometry_pkg/node_dwm1001.py to node_dwm1001.cpython-38.pyc
running install_data
creating /home/diego/Workspaces/ros2_roveruvg_ws/install/odometry_pkg/share/ament_index
creating /home/diego/Workspaces/ros2_roveruvg_ws/install/odometry_pkg/share/ament_index/resource_index
creating /home/diego/Workspaces/ros2_roveruvg_ws/install/odometry_pkg/share/ament_index/resource_index/packages
copying resource/odometry_pkg -> /home/diego/Workspaces/ros2_roveruvg_ws/install/odometry_pkg/share/ament_index/resource_index/packages
copying package.xml -> /home/diego/Workspaces/ros2_roveruvg_ws/install/odometry_pkg/share/odometry_pkg
running install_egg_info
Copying ../../build/odometry_pkg/odometry_pkg.egg-info to /home/diego/Workspaces/ros2_roveruvg_ws/install/odometry_pkg/lib/python3.8/site-packages/odometry_pkg-0.0.0-py3.8.egg-info
running install_scripts
Installing dwm1001_odometry script to /home/diego/Workspaces/ros2_roveruvg_ws/install/odometry_pkg/lib/odometry_pkg
Installing hardware_arduino_odometry script to /home/diego/Workspaces/ros2_roveruvg_ws/install/odometry_pkg/lib/odometry_pkg
Installing optitrack_odometry script to /home/diego/Workspaces/ros2_roveruvg_ws/install/odometry_pkg/lib/odometry_pkg
writing list of installed files to '/home/diego/Workspaces/ros2_roveruvg_ws/build/odometry_pkg/install.log'
