[3.816s] Invoking command in '/home/diego/Workspaces/ros2_roveruvg_ws/src/controllers': PYTHONPATH=/home/diego/Workspaces/ros2_roveruvg_ws/install/controllers/lib/python3.8/site-packages:${PYTHONPATH} /usr/bin/python3 setup.py egg_info --egg-base ../../build/controllers build --build-base /home/diego/Workspaces/ros2_roveruvg_ws/build/controllers/build install --prefix /home/diego/Workspaces/ros2_roveruvg_ws/install/controllers --record /home/diego/Workspaces/ros2_roveruvg_ws/build/controllers/install.log --single-version-externally-managed
[4.447s] running egg_info
[4.447s] writing ../../build/controllers/controllers.egg-info/PKG-INFO
[4.452s] writing dependency_links to ../../build/controllers/controllers.egg-info/dependency_links.txt
[4.455s] writing entry points to ../../build/controllers/controllers.egg-info/entry_points.txt
[4.455s] writing requirements to ../../build/controllers/controllers.egg-info/requires.txt
[4.456s] writing top-level names to ../../build/controllers/controllers.egg-info/top_level.txt
[4.651s] reading manifest file '../../build/controllers/controllers.egg-info/SOURCES.txt'
[4.654s] writing manifest file '../../build/controllers/controllers.egg-info/SOURCES.txt'
[4.655s] running build
[4.655s] running build_py
[4.669s] running install
[4.671s] running install_lib
[4.680s] running install_data
[4.707s] running install_egg_info
[4.707s] removing '/home/diego/Workspaces/ros2_roveruvg_ws/install/controllers/lib/python3.8/site-packages/controllers-0.0.0-py3.8.egg-info' (and everything under it)
[4.707s] Copying ../../build/controllers/controllers.egg-info to /home/diego/Workspaces/ros2_roveruvg_ws/install/controllers/lib/python3.8/site-packages/controllers-0.0.0-py3.8.egg-info
[4.711s] running install_scripts
[4.755s] Installing simple_controller script to /home/diego/Workspaces/ros2_roveruvg_ws/install/controllers/lib/controllers
[4.758s] writing list of installed files to '/home/diego/Workspaces/ros2_roveruvg_ws/build/controllers/install.log'
[4.828s] Invoked command in '/home/diego/Workspaces/ros2_roveruvg_ws/src/controllers' returned '0': PYTHONPATH=/home/diego/Workspaces/ros2_roveruvg_ws/install/controllers/lib/python3.8/site-packages:${PYTHONPATH} /usr/bin/python3 setup.py egg_info --egg-base ../../build/controllers build --build-base /home/diego/Workspaces/ros2_roveruvg_ws/build/controllers/build install --prefix /home/diego/Workspaces/ros2_roveruvg_ws/install/controllers --record /home/diego/Workspaces/ros2_roveruvg_ws/build/controllers/install.log --single-version-externally-managed
