[3.199s] Invoking command in '/home/diego/Workspaces/ros2_roveruvg_ws/src/controllers': PYTHONPATH=/home/diego/Workspaces/ros2_roveruvg_ws/install/controllers/lib/python3.8/site-packages:${PYTHONPATH} /usr/bin/python3 setup.py egg_info --egg-base ../../build/controllers build --build-base /home/diego/Workspaces/ros2_roveruvg_ws/build/controllers/build install --prefix /home/diego/Workspaces/ros2_roveruvg_ws/install/controllers --record /home/diego/Workspaces/ros2_roveruvg_ws/build/controllers/install.log --single-version-externally-managed
[4.133s] running egg_info
[4.133s] writing ../../build/controllers/controllers.egg-info/PKG-INFO
[4.134s] writing dependency_links to ../../build/controllers/controllers.egg-info/dependency_links.txt
[4.134s] writing entry points to ../../build/controllers/controllers.egg-info/entry_points.txt
[4.135s] writing requirements to ../../build/controllers/controllers.egg-info/requires.txt
[4.135s] writing top-level names to ../../build/controllers/controllers.egg-info/top_level.txt
[4.278s] reading manifest file '../../build/controllers/controllers.egg-info/SOURCES.txt'
[4.282s] writing manifest file '../../build/controllers/controllers.egg-info/SOURCES.txt'
[4.284s] running build
[4.285s] running build_py
[4.288s] running install
[4.292s] running install_lib
[4.300s] running install_data
[4.303s] running install_egg_info
[4.309s] removing '/home/diego/Workspaces/ros2_roveruvg_ws/install/controllers/lib/python3.8/site-packages/controllers-0.0.0-py3.8.egg-info' (and everything under it)
[4.310s] Copying ../../build/controllers/controllers.egg-info to /home/diego/Workspaces/ros2_roveruvg_ws/install/controllers/lib/python3.8/site-packages/controllers-0.0.0-py3.8.egg-info
[4.317s] running install_scripts
[4.400s] Installing simple_controller script to /home/diego/Workspaces/ros2_roveruvg_ws/install/controllers/lib/controllers
[4.402s] writing list of installed files to '/home/diego/Workspaces/ros2_roveruvg_ws/build/controllers/install.log'
[4.504s] Invoked command in '/home/diego/Workspaces/ros2_roveruvg_ws/src/controllers' returned '0': PYTHONPATH=/home/diego/Workspaces/ros2_roveruvg_ws/install/controllers/lib/python3.8/site-packages:${PYTHONPATH} /usr/bin/python3 setup.py egg_info --egg-base ../../build/controllers build --build-base /home/diego/Workspaces/ros2_roveruvg_ws/build/controllers/build install --prefix /home/diego/Workspaces/ros2_roveruvg_ws/install/controllers --record /home/diego/Workspaces/ros2_roveruvg_ws/build/controllers/install.log --single-version-externally-managed
