[7.489s] Invoking command in '/home/diego/Workspaces/ros2_roveruvg_ws/src/controllers': PYTHONPATH=/home/diego/Workspaces/ros2_roveruvg_ws/install/controllers/lib/python3.8/site-packages:${PYTHONPATH} /usr/bin/python3 setup.py egg_info --egg-base ../../build/controllers build --build-base /home/diego/Workspaces/ros2_roveruvg_ws/build/controllers/build install --prefix /home/diego/Workspaces/ros2_roveruvg_ws/install/controllers --record /home/diego/Workspaces/ros2_roveruvg_ws/build/controllers/install.log --single-version-externally-managed
[10.924s] running egg_info
[10.935s] writing ../../build/controllers/controllers.egg-info/PKG-INFO
[10.940s] writing dependency_links to ../../build/controllers/controllers.egg-info/dependency_links.txt
[10.944s] writing entry points to ../../build/controllers/controllers.egg-info/entry_points.txt
[10.945s] writing requirements to ../../build/controllers/controllers.egg-info/requires.txt
[10.954s] writing top-level names to ../../build/controllers/controllers.egg-info/top_level.txt
[11.281s] reading manifest file '../../build/controllers/controllers.egg-info/SOURCES.txt'
[11.286s] writing manifest file '../../build/controllers/controllers.egg-info/SOURCES.txt'
[11.290s] running build
[11.294s] running build_py
[11.311s] running install
[11.318s] running install_lib
[11.335s] running install_data
[11.360s] running install_egg_info
[11.372s] removing '/home/diego/Workspaces/ros2_roveruvg_ws/install/controllers/lib/python3.8/site-packages/controllers-0.0.0-py3.8.egg-info' (and everything under it)
[11.385s] Copying ../../build/controllers/controllers.egg-info to /home/diego/Workspaces/ros2_roveruvg_ws/install/controllers/lib/python3.8/site-packages/controllers-0.0.0-py3.8.egg-info
[11.398s] running install_scripts
[11.550s] Installing simple_controller script to /home/diego/Workspaces/ros2_roveruvg_ws/install/controllers/lib/controllers
[11.569s] writing list of installed files to '/home/diego/Workspaces/ros2_roveruvg_ws/build/controllers/install.log'
[11.816s] Invoked command in '/home/diego/Workspaces/ros2_roveruvg_ws/src/controllers' returned '0': PYTHONPATH=/home/diego/Workspaces/ros2_roveruvg_ws/install/controllers/lib/python3.8/site-packages:${PYTHONPATH} /usr/bin/python3 setup.py egg_info --egg-base ../../build/controllers build --build-base /home/diego/Workspaces/ros2_roveruvg_ws/build/controllers/build install --prefix /home/diego/Workspaces/ros2_roveruvg_ws/install/controllers --record /home/diego/Workspaces/ros2_roveruvg_ws/build/controllers/install.log --single-version-externally-managed
