[2.427s] Invoking command in '/home/diego/Workspaces/ros2_roveruvg_ws/src/odometry_pkg': PYTHONPATH=/home/diego/Workspaces/ros2_roveruvg_ws/install/odometry_pkg/lib/python3.8/site-packages:${PYTHONPATH} /usr/bin/python3 setup.py egg_info --egg-base ../../build/odometry_pkg build --build-base /home/diego/Workspaces/ros2_roveruvg_ws/build/odometry_pkg/build install --prefix /home/diego/Workspaces/ros2_roveruvg_ws/install/odometry_pkg --record /home/diego/Workspaces/ros2_roveruvg_ws/build/odometry_pkg/install.log --single-version-externally-managed
[2.977s] running egg_info
[2.978s] writing ../../build/odometry_pkg/odometry_pkg.egg-info/PKG-INFO
[2.979s] writing dependency_links to ../../build/odometry_pkg/odometry_pkg.egg-info/dependency_links.txt
[2.980s] writing entry points to ../../build/odometry_pkg/odometry_pkg.egg-info/entry_points.txt
[2.980s] writing requirements to ../../build/odometry_pkg/odometry_pkg.egg-info/requires.txt
[2.981s] writing top-level names to ../../build/odometry_pkg/odometry_pkg.egg-info/top_level.txt
[3.080s] reading manifest file '../../build/odometry_pkg/odometry_pkg.egg-info/SOURCES.txt'
[3.083s] writing manifest file '../../build/odometry_pkg/odometry_pkg.egg-info/SOURCES.txt'
[3.083s] running build
[3.083s] running build_py
[3.084s] running install
[3.087s] running install_lib
[3.090s] byte-compiling /home/diego/Workspaces/ros2_roveruvg_ws/install/odometry_pkg/lib/python3.8/site-packages/odometry_pkg/hardware_arduino_wheels.py to hardware_arduino_wheels.cpython-38.pyc
[3.093s] Sorry: TabError: inconsistent use of tabs and spaces in indentation (hardware_arduino_wheels.py, line 109)
[3.094s] running install_data
[3.095s] running install_egg_info
[3.099s] removing '/home/diego/Workspaces/ros2_roveruvg_ws/install/odometry_pkg/lib/python3.8/site-packages/odometry_pkg-0.0.0-py3.8.egg-info' (and everything under it)
[3.100s] Copying ../../build/odometry_pkg/odometry_pkg.egg-info to /home/diego/Workspaces/ros2_roveruvg_ws/install/odometry_pkg/lib/python3.8/site-packages/odometry_pkg-0.0.0-py3.8.egg-info
[3.102s] running install_scripts
[3.145s] Installing dwm1001_odometry script to /home/diego/Workspaces/ros2_roveruvg_ws/install/odometry_pkg/lib/odometry_pkg
[3.146s] Installing hardware_arduino_odometry script to /home/diego/Workspaces/ros2_roveruvg_ws/install/odometry_pkg/lib/odometry_pkg
[3.147s] Installing optitrack_odometry script to /home/diego/Workspaces/ros2_roveruvg_ws/install/odometry_pkg/lib/odometry_pkg
[3.148s] writing list of installed files to '/home/diego/Workspaces/ros2_roveruvg_ws/build/odometry_pkg/install.log'
[3.238s] Invoked command in '/home/diego/Workspaces/ros2_roveruvg_ws/src/odometry_pkg' returned '0': PYTHONPATH=/home/diego/Workspaces/ros2_roveruvg_ws/install/odometry_pkg/lib/python3.8/site-packages:${PYTHONPATH} /usr/bin/python3 setup.py egg_info --egg-base ../../build/odometry_pkg build --build-base /home/diego/Workspaces/ros2_roveruvg_ws/build/odometry_pkg/build install --prefix /home/diego/Workspaces/ros2_roveruvg_ws/install/odometry_pkg --record /home/diego/Workspaces/ros2_roveruvg_ws/build/odometry_pkg/install.log --single-version-externally-managed
