[2.483s] Invoking command in '/home/diego/Workspaces/ros2_roveruvg_ws/src/controllers': PYTHONPATH=/home/diego/Workspaces/ros2_roveruvg_ws/install/controllers/lib/python3.8/site-packages:${PYTHONPATH} /usr/bin/python3 setup.py egg_info --egg-base ../../build/controllers build --build-base /home/diego/Workspaces/ros2_roveruvg_ws/build/controllers/build install --prefix /home/diego/Workspaces/ros2_roveruvg_ws/install/controllers --record /home/diego/Workspaces/ros2_roveruvg_ws/build/controllers/install.log --single-version-externally-managed
[3.095s] running egg_info
[3.097s] writing ../../build/controllers/controllers.egg-info/PKG-INFO
[3.099s] writing dependency_links to ../../build/controllers/controllers.egg-info/dependency_links.txt
[3.101s] writing entry points to ../../build/controllers/controllers.egg-info/entry_points.txt
[3.102s] writing requirements to ../../build/controllers/controllers.egg-info/requires.txt
[3.103s] writing top-level names to ../../build/controllers/controllers.egg-info/top_level.txt
[3.217s] reading manifest file '../../build/controllers/controllers.egg-info/SOURCES.txt'
[3.220s] writing manifest file '../../build/controllers/controllers.egg-info/SOURCES.txt'
[3.221s] running build
[3.221s] running build_py
[3.223s] running install
[3.226s] running install_lib
[3.231s] running install_data
[3.233s] running install_egg_info
[3.246s] removing '/home/diego/Workspaces/ros2_roveruvg_ws/install/controllers/lib/python3.8/site-packages/controllers-0.0.0-py3.8.egg-info' (and everything under it)
[3.247s] Copying ../../build/controllers/controllers.egg-info to /home/diego/Workspaces/ros2_roveruvg_ws/install/controllers/lib/python3.8/site-packages/controllers-0.0.0-py3.8.egg-info
[3.247s] running install_scripts
[3.291s] Installing simple_controller script to /home/diego/Workspaces/ros2_roveruvg_ws/install/controllers/lib/controllers
[3.293s] writing list of installed files to '/home/diego/Workspaces/ros2_roveruvg_ws/build/controllers/install.log'
[3.412s] Invoked command in '/home/diego/Workspaces/ros2_roveruvg_ws/src/controllers' returned '0': PYTHONPATH=/home/diego/Workspaces/ros2_roveruvg_ws/install/controllers/lib/python3.8/site-packages:${PYTHONPATH} /usr/bin/python3 setup.py egg_info --egg-base ../../build/controllers build --build-base /home/diego/Workspaces/ros2_roveruvg_ws/build/controllers/build install --prefix /home/diego/Workspaces/ros2_roveruvg_ws/install/controllers --record /home/diego/Workspaces/ros2_roveruvg_ws/build/controllers/install.log --single-version-externally-managed
