[4.573s] Invoking command in '/home/diego/Workspaces/ros2_roveruvg_ws/src/controllers': PYTHONPATH=/home/diego/Workspaces/ros2_roveruvg_ws/install/controllers/lib/python3.8/site-packages:${PYTHONPATH} /usr/bin/python3 setup.py egg_info --egg-base ../../build/controllers build --build-base /home/diego/Workspaces/ros2_roveruvg_ws/build/controllers/build install --prefix /home/diego/Workspaces/ros2_roveruvg_ws/install/controllers --record /home/diego/Workspaces/ros2_roveruvg_ws/build/controllers/install.log --single-version-externally-managed
[5.407s] running egg_info
[5.410s] writing ../../build/controllers/controllers.egg-info/PKG-INFO
[5.412s] writing dependency_links to ../../build/controllers/controllers.egg-info/dependency_links.txt
[5.413s] writing entry points to ../../build/controllers/controllers.egg-info/entry_points.txt
[5.415s] writing requirements to ../../build/controllers/controllers.egg-info/requires.txt
[5.416s] writing top-level names to ../../build/controllers/controllers.egg-info/top_level.txt
[5.528s] reading manifest file '../../build/controllers/controllers.egg-info/SOURCES.txt'
[5.531s] writing manifest file '../../build/controllers/controllers.egg-info/SOURCES.txt'
[5.533s] running build
[5.533s] running build_py
[5.535s] running install
[5.538s] running install_lib
[5.543s] running install_data
[5.545s] running install_egg_info
[5.552s] removing '/home/diego/Workspaces/ros2_roveruvg_ws/install/controllers/lib/python3.8/site-packages/controllers-0.0.0-py3.8.egg-info' (and everything under it)
[5.554s] Copying ../../build/controllers/controllers.egg-info to /home/diego/Workspaces/ros2_roveruvg_ws/install/controllers/lib/python3.8/site-packages/controllers-0.0.0-py3.8.egg-info
[5.557s] running install_scripts
[5.612s] Installing simple_controller script to /home/diego/Workspaces/ros2_roveruvg_ws/install/controllers/lib/controllers
[5.614s] writing list of installed files to '/home/diego/Workspaces/ros2_roveruvg_ws/build/controllers/install.log'
[5.699s] Invoked command in '/home/diego/Workspaces/ros2_roveruvg_ws/src/controllers' returned '0': PYTHONPATH=/home/diego/Workspaces/ros2_roveruvg_ws/install/controllers/lib/python3.8/site-packages:${PYTHONPATH} /usr/bin/python3 setup.py egg_info --egg-base ../../build/controllers build --build-base /home/diego/Workspaces/ros2_roveruvg_ws/build/controllers/build install --prefix /home/diego/Workspaces/ros2_roveruvg_ws/install/controllers --record /home/diego/Workspaces/ros2_roveruvg_ws/build/controllers/install.log --single-version-externally-managed
