[2.347s] Invoking command in '/home/diego/Workspaces/ros2_roveruvg_ws/src/controllers': PYTHONPATH=/home/diego/Workspaces/ros2_roveruvg_ws/install/controllers/lib/python3.8/site-packages:${PYTHONPATH} /usr/bin/python3 setup.py egg_info --egg-base ../../build/controllers build --build-base /home/diego/Workspaces/ros2_roveruvg_ws/build/controllers/build install --prefix /home/diego/Workspaces/ros2_roveruvg_ws/install/controllers --record /home/diego/Workspaces/ros2_roveruvg_ws/build/controllers/install.log --single-version-externally-managed
[2.996s] running egg_info
[2.998s] writing ../../build/controllers/controllers.egg-info/PKG-INFO
[3.005s] writing dependency_links to ../../build/controllers/controllers.egg-info/dependency_links.txt
[3.006s] writing entry points to ../../build/controllers/controllers.egg-info/entry_points.txt
[3.008s] writing requirements to ../../build/controllers/controllers.egg-info/requires.txt
[3.009s] writing top-level names to ../../build/controllers/controllers.egg-info/top_level.txt
[3.138s] reading manifest file '../../build/controllers/controllers.egg-info/SOURCES.txt'
[3.143s] writing manifest file '../../build/controllers/controllers.egg-info/SOURCES.txt'
[3.144s] running build
[3.145s] running build_py
[3.146s] running install
[3.148s] running install_lib
[3.155s] running install_data
[3.157s] running install_egg_info
[3.166s] removing '/home/diego/Workspaces/ros2_roveruvg_ws/install/controllers/lib/python3.8/site-packages/controllers-0.0.0-py3.8.egg-info' (and everything under it)
[3.167s] Copying ../../build/controllers/controllers.egg-info to /home/diego/Workspaces/ros2_roveruvg_ws/install/controllers/lib/python3.8/site-packages/controllers-0.0.0-py3.8.egg-info
[3.170s] running install_scripts
[3.239s] Installing simple_controller script to /home/diego/Workspaces/ros2_roveruvg_ws/install/controllers/lib/controllers
[3.244s] writing list of installed files to '/home/diego/Workspaces/ros2_roveruvg_ws/build/controllers/install.log'
[3.334s] Invoked command in '/home/diego/Workspaces/ros2_roveruvg_ws/src/controllers' returned '0': PYTHONPATH=/home/diego/Workspaces/ros2_roveruvg_ws/install/controllers/lib/python3.8/site-packages:${PYTHONPATH} /usr/bin/python3 setup.py egg_info --egg-base ../../build/controllers build --build-base /home/diego/Workspaces/ros2_roveruvg_ws/build/controllers/build install --prefix /home/diego/Workspaces/ros2_roveruvg_ws/install/controllers --record /home/diego/Workspaces/ros2_roveruvg_ws/build/controllers/install.log --single-version-externally-managed
