[2.517s] Invoking command in '/home/diego/Workspaces/ros2_roveruvg_ws/src/controllers': PYTHONPATH=/home/diego/Workspaces/ros2_roveruvg_ws/install/controllers/lib/python3.8/site-packages:${PYTHONPATH} /usr/bin/python3 setup.py egg_info --egg-base ../../build/controllers build --build-base /home/diego/Workspaces/ros2_roveruvg_ws/build/controllers/build install --prefix /home/diego/Workspaces/ros2_roveruvg_ws/install/controllers --record /home/diego/Workspaces/ros2_roveruvg_ws/build/controllers/install.log --single-version-externally-managed
[3.076s] running egg_info
[3.078s] writing ../../build/controllers/controllers.egg-info/PKG-INFO
[3.079s] writing dependency_links to ../../build/controllers/controllers.egg-info/dependency_links.txt
[3.080s] writing entry points to ../../build/controllers/controllers.egg-info/entry_points.txt
[3.081s] writing requirements to ../../build/controllers/controllers.egg-info/requires.txt
[3.082s] writing top-level names to ../../build/controllers/controllers.egg-info/top_level.txt
[3.190s] reading manifest file '../../build/controllers/controllers.egg-info/SOURCES.txt'
[3.193s] writing manifest file '../../build/controllers/controllers.egg-info/SOURCES.txt'
[3.194s] running build
[3.194s] running build_py
[3.195s] running install
[3.198s] running install_lib
[3.204s] running install_data
[3.206s] running install_egg_info
[3.210s] removing '/home/diego/Workspaces/ros2_roveruvg_ws/install/controllers/lib/python3.8/site-packages/controllers-0.0.0-py3.8.egg-info' (and everything under it)
[3.213s] Copying ../../build/controllers/controllers.egg-info to /home/diego/Workspaces/ros2_roveruvg_ws/install/controllers/lib/python3.8/site-packages/controllers-0.0.0-py3.8.egg-info
[3.217s] running install_scripts
[3.268s] Installing simple_controller script to /home/diego/Workspaces/ros2_roveruvg_ws/install/controllers/lib/controllers
[3.270s] writing list of installed files to '/home/diego/Workspaces/ros2_roveruvg_ws/build/controllers/install.log'
[3.379s] Invoked command in '/home/diego/Workspaces/ros2_roveruvg_ws/src/controllers' returned '0': PYTHONPATH=/home/diego/Workspaces/ros2_roveruvg_ws/install/controllers/lib/python3.8/site-packages:${PYTHONPATH} /usr/bin/python3 setup.py egg_info --egg-base ../../build/controllers build --build-base /home/diego/Workspaces/ros2_roveruvg_ws/build/controllers/build install --prefix /home/diego/Workspaces/ros2_roveruvg_ws/install/controllers --record /home/diego/Workspaces/ros2_roveruvg_ws/build/controllers/install.log --single-version-externally-managed
