[6.639s] Invoking command in '/home/diego/Workspaces/ros2_roveruvg_ws/src/controllers': PYTHONPATH=/home/diego/Workspaces/ros2_roveruvg_ws/install/controllers/lib/python3.8/site-packages:${PYTHONPATH} /usr/bin/python3 setup.py egg_info --egg-base ../../build/controllers build --build-base /home/diego/Workspaces/ros2_roveruvg_ws/build/controllers/build install --prefix /home/diego/Workspaces/ros2_roveruvg_ws/install/controllers --record /home/diego/Workspaces/ros2_roveruvg_ws/build/controllers/install.log --single-version-externally-managed
[9.782s] running egg_info
[9.790s] writing ../../build/controllers/controllers.egg-info/PKG-INFO
[9.801s] writing dependency_links to ../../build/controllers/controllers.egg-info/dependency_links.txt
[9.802s] writing entry points to ../../build/controllers/controllers.egg-info/entry_points.txt
[9.813s] writing requirements to ../../build/controllers/controllers.egg-info/requires.txt
[9.814s] writing top-level names to ../../build/controllers/controllers.egg-info/top_level.txt
[10.200s] reading manifest file '../../build/controllers/controllers.egg-info/SOURCES.txt'
[10.223s] writing manifest file '../../build/controllers/controllers.egg-info/SOURCES.txt'
[10.224s] running build
[10.224s] running build_py
[10.225s] running install
[10.238s] running install_lib
[10.251s] running install_data
[10.252s] running install_egg_info
[10.253s] removing '/home/diego/Workspaces/ros2_roveruvg_ws/install/controllers/lib/python3.8/site-packages/controllers-0.0.0-py3.8.egg-info' (and everything under it)
[10.260s] Copying ../../build/controllers/controllers.egg-info to /home/diego/Workspaces/ros2_roveruvg_ws/install/controllers/lib/python3.8/site-packages/controllers-0.0.0-py3.8.egg-info
[10.292s] running install_scripts
[10.531s] Installing simple_controller script to /home/diego/Workspaces/ros2_roveruvg_ws/install/controllers/lib/controllers
[10.542s] writing list of installed files to '/home/diego/Workspaces/ros2_roveruvg_ws/build/controllers/install.log'
[10.736s] Invoked command in '/home/diego/Workspaces/ros2_roveruvg_ws/src/controllers' returned '0': PYTHONPATH=/home/diego/Workspaces/ros2_roveruvg_ws/install/controllers/lib/python3.8/site-packages:${PYTHONPATH} /usr/bin/python3 setup.py egg_info --egg-base ../../build/controllers build --build-base /home/diego/Workspaces/ros2_roveruvg_ws/build/controllers/build install --prefix /home/diego/Workspaces/ros2_roveruvg_ws/install/controllers --record /home/diego/Workspaces/ros2_roveruvg_ws/build/controllers/install.log --single-version-externally-managed
