[0.437s] DEBUG:colcon:Command line arguments: ['/usr/bin/colcon', 'build']
[0.438s] DEBUG:colcon:Parsed command line arguments: Namespace(allow_overriding=[], ament_cmake_args=None, base_paths=['.'], build_base='build', catkin_cmake_args=None, catkin_skip_building_tests=False, cmake_args=None, cmake_clean_cache=False, cmake_clean_first=False, cmake_force_configure=False, cmake_target=None, cmake_target_skip_unavailable=False, continue_on_error=False, event_handlers=None, executor='parallel', ignore_user_meta=False, install_base='install', log_base=None, log_level=None, main=<bound method BuildVerb.main of <colcon_core.verb.build.BuildVerb object at 0x7f508b00eb80>>, merge_install=False, metas=['./colcon.meta'], packages_above=None, packages_above_and_dependencies=None, packages_above_depth=None, packages_end=None, packages_ignore=None, packages_ignore_regex=None, packages_select=None, packages_select_build_failed=False, packages_select_by_dep=None, packages_select_regex=None, packages_select_test_failures=False, packages_skip=None, packages_skip_build_finished=False, packages_skip_by_dep=None, packages_skip_regex=None, packages_skip_test_passed=False, packages_skip_up_to=None, packages_start=None, packages_up_to=None, packages_up_to_regex=None, parallel_workers=2, paths=None, symlink_install=False, test_result_base=None, verb_extension=<colcon_core.verb.build.BuildVerb object at 0x7f508b00eb80>, verb_name='build', verb_parser=<colcon_defaults.argument_parser.defaults.DefaultArgumentsDecorator object at 0x7f508af9f130>)
[0.507s] Level 1:colcon.colcon_core.package_discovery:discover_packages(colcon_meta) check parameters
[0.508s] Level 1:colcon.colcon_core.package_discovery:discover_packages(recursive) check parameters
[0.508s] Level 1:colcon.colcon_core.package_discovery:discover_packages(ignore) check parameters
[0.508s] Level 1:colcon.colcon_core.package_discovery:discover_packages(path) check parameters
[0.508s] Level 1:colcon.colcon_core.package_discovery:discover_packages(colcon_meta) discover
[0.511s] Level 1:colcon.colcon_core.package_discovery:discover_packages(recursive) discover
[0.511s] INFO:colcon.colcon_core.package_discovery:Crawling recursively for packages in '/home/diego/Workspaces/ros2_roveruvg_ws'
[0.512s] Level 1:colcon.colcon_core.package_identification:_identify(.) by extensions ['ignore', 'ignore_ament_install']
[0.512s] Level 1:colcon.colcon_core.package_identification:_identify(.) by extension 'ignore'
[0.512s] Level 1:colcon.colcon_core.package_identification:_identify(.) by extension 'ignore_ament_install'
[0.512s] Level 1:colcon.colcon_core.package_identification:_identify(.) by extensions ['colcon_pkg']
[0.512s] Level 1:colcon.colcon_core.package_identification:_identify(.) by extension 'colcon_pkg'
[0.512s] Level 1:colcon.colcon_core.package_identification:_identify(.) by extensions ['colcon_meta']
[0.513s] Level 1:colcon.colcon_core.package_identification:_identify(.) by extension 'colcon_meta'
[0.513s] Level 1:colcon.colcon_core.package_identification:_identify(.) by extensions ['ros']
[0.513s] Level 1:colcon.colcon_core.package_identification:_identify(.) by extension 'ros'
[0.544s] Level 1:colcon.colcon_core.package_identification:_identify(.) by extensions ['cmake', 'python']
[0.545s] Level 1:colcon.colcon_core.package_identification:_identify(.) by extension 'cmake'
[0.545s] Level 1:colcon.colcon_core.package_identification:_identify(.) by extension 'python'
[0.545s] Level 1:colcon.colcon_core.package_identification:_identify(.) by extensions ['python_setup_py']
[0.545s] Level 1:colcon.colcon_core.package_identification:_identify(.) by extension 'python_setup_py'
[0.545s] Level 1:colcon.colcon_core.package_identification:_identify(build) by extensions ['ignore', 'ignore_ament_install']
[0.546s] Level 1:colcon.colcon_core.package_identification:_identify(build) by extension 'ignore'
[0.546s] Level 1:colcon.colcon_core.package_identification:_identify(build) ignored
[0.546s] Level 1:colcon.colcon_core.package_identification:_identify(install) by extensions ['ignore', 'ignore_ament_install']
[0.546s] Level 1:colcon.colcon_core.package_identification:_identify(install) by extension 'ignore'
[0.546s] Level 1:colcon.colcon_core.package_identification:_identify(install) ignored
[0.547s] Level 1:colcon.colcon_core.package_identification:_identify(log) by extensions ['ignore', 'ignore_ament_install']
[0.547s] Level 1:colcon.colcon_core.package_identification:_identify(log) by extension 'ignore'
[0.547s] Level 1:colcon.colcon_core.package_identification:_identify(log) ignored
[0.547s] Level 1:colcon.colcon_core.package_identification:_identify(src) by extensions ['ignore', 'ignore_ament_install']
[0.548s] Level 1:colcon.colcon_core.package_identification:_identify(src) by extension 'ignore'
[0.548s] Level 1:colcon.colcon_core.package_identification:_identify(src) by extension 'ignore_ament_install'
[0.548s] Level 1:colcon.colcon_core.package_identification:_identify(src) by extensions ['colcon_pkg']
[0.548s] Level 1:colcon.colcon_core.package_identification:_identify(src) by extension 'colcon_pkg'
[0.548s] Level 1:colcon.colcon_core.package_identification:_identify(src) by extensions ['colcon_meta']
[0.548s] Level 1:colcon.colcon_core.package_identification:_identify(src) by extension 'colcon_meta'
[0.548s] Level 1:colcon.colcon_core.package_identification:_identify(src) by extensions ['ros']
[0.548s] Level 1:colcon.colcon_core.package_identification:_identify(src) by extension 'ros'
[0.549s] Level 1:colcon.colcon_core.package_identification:_identify(src) by extensions ['cmake', 'python']
[0.549s] Level 1:colcon.colcon_core.package_identification:_identify(src) by extension 'cmake'
[0.549s] Level 1:colcon.colcon_core.package_identification:_identify(src) by extension 'python'
[0.549s] Level 1:colcon.colcon_core.package_identification:_identify(src) by extensions ['python_setup_py']
[0.549s] Level 1:colcon.colcon_core.package_identification:_identify(src) by extension 'python_setup_py'
[0.549s] Level 1:colcon.colcon_core.package_identification:_identify(src/build) by extensions ['ignore', 'ignore_ament_install']
[0.550s] Level 1:colcon.colcon_core.package_identification:_identify(src/build) by extension 'ignore'
[0.550s] Level 1:colcon.colcon_core.package_identification:_identify(src/build) ignored
[0.550s] Level 1:colcon.colcon_core.package_identification:_identify(src/controllers) by extensions ['ignore', 'ignore_ament_install']
[0.550s] Level 1:colcon.colcon_core.package_identification:_identify(src/controllers) by extension 'ignore'
[0.550s] Level 1:colcon.colcon_core.package_identification:_identify(src/controllers) by extension 'ignore_ament_install'
[0.550s] Level 1:colcon.colcon_core.package_identification:_identify(src/controllers) by extensions ['colcon_pkg']
[0.550s] Level 1:colcon.colcon_core.package_identification:_identify(src/controllers) by extension 'colcon_pkg'
[0.551s] Level 1:colcon.colcon_core.package_identification:_identify(src/controllers) by extensions ['colcon_meta']
[0.551s] Level 1:colcon.colcon_core.package_identification:_identify(src/controllers) by extension 'colcon_meta'
[0.551s] Level 1:colcon.colcon_core.package_identification:_identify(src/controllers) by extensions ['ros']
[0.551s] Level 1:colcon.colcon_core.package_identification:_identify(src/controllers) by extension 'ros'
[0.558s] DEBUG:colcon.colcon_core.package_identification:Package 'src/controllers' with type 'ros.ament_python' and name 'controllers'
[0.558s] Level 1:colcon.colcon_core.package_identification:_identify(src/install) by extensions ['ignore', 'ignore_ament_install']
[0.558s] Level 1:colcon.colcon_core.package_identification:_identify(src/install) by extension 'ignore'
[0.558s] Level 1:colcon.colcon_core.package_identification:_identify(src/install) ignored
[0.559s] Level 1:colcon.colcon_core.package_identification:_identify(src/log) by extensions ['ignore', 'ignore_ament_install']
[0.559s] Level 1:colcon.colcon_core.package_identification:_identify(src/log) by extension 'ignore'
[0.559s] Level 1:colcon.colcon_core.package_identification:_identify(src/log) ignored
[0.560s] Level 1:colcon.colcon_core.package_identification:_identify(src/odometry_pkg) by extensions ['ignore', 'ignore_ament_install']
[0.560s] Level 1:colcon.colcon_core.package_identification:_identify(src/odometry_pkg) by extension 'ignore'
[0.560s] Level 1:colcon.colcon_core.package_identification:_identify(src/odometry_pkg) by extension 'ignore_ament_install'
[0.560s] Level 1:colcon.colcon_core.package_identification:_identify(src/odometry_pkg) by extensions ['colcon_pkg']
[0.560s] Level 1:colcon.colcon_core.package_identification:_identify(src/odometry_pkg) by extension 'colcon_pkg'
[0.560s] Level 1:colcon.colcon_core.package_identification:_identify(src/odometry_pkg) by extensions ['colcon_meta']
[0.560s] Level 1:colcon.colcon_core.package_identification:_identify(src/odometry_pkg) by extension 'colcon_meta'
[0.561s] Level 1:colcon.colcon_core.package_identification:_identify(src/odometry_pkg) by extensions ['ros']
[0.561s] Level 1:colcon.colcon_core.package_identification:_identify(src/odometry_pkg) by extension 'ros'
[0.562s] DEBUG:colcon.colcon_core.package_identification:Package 'src/odometry_pkg' with type 'ros.ament_python' and name 'odometry_pkg'
[0.563s] Level 1:colcon.colcon_core.package_discovery:discover_packages(recursive) using defaults
[0.563s] Level 1:colcon.colcon_core.package_discovery:discover_packages(ignore) discover
[0.563s] Level 1:colcon.colcon_core.package_discovery:discover_packages(ignore) using defaults
[0.563s] Level 1:colcon.colcon_core.package_discovery:discover_packages(path) discover
[0.563s] Level 1:colcon.colcon_core.package_discovery:discover_packages(path) using defaults
[0.648s] Level 1:colcon.colcon_core.package_discovery:discover_packages(prefix_path) check parameters
[0.648s] Level 1:colcon.colcon_core.package_discovery:discover_packages(prefix_path) discover
[0.660s] DEBUG:colcon.colcon_installed_package_information.package_discovery:Found 29 installed packages in /home/diego/Workspaces/ros2_control_diffbot_ws/install
[0.663s] DEBUG:colcon.colcon_installed_package_information.package_discovery:Found 2 installed packages in /home/diego/Workspaces/ros2_roveruvg_ws/install
[0.668s] DEBUG:colcon.colcon_installed_package_information.package_discovery:Found 312 installed packages in /opt/ros/foxy
[0.674s] Level 1:colcon.colcon_core.package_discovery:discover_packages(prefix_path) using defaults
[0.909s] Level 5:colcon.colcon_core.verb:set package 'controllers' build argument 'cmake_args' from command line to 'None'
[0.909s] Level 5:colcon.colcon_core.verb:set package 'controllers' build argument 'cmake_target' from command line to 'None'
[0.909s] Level 5:colcon.colcon_core.verb:set package 'controllers' build argument 'cmake_target_skip_unavailable' from command line to 'False'
[0.909s] Level 5:colcon.colcon_core.verb:set package 'controllers' build argument 'cmake_clean_cache' from command line to 'False'
[0.909s] Level 5:colcon.colcon_core.verb:set package 'controllers' build argument 'cmake_clean_first' from command line to 'False'
[0.909s] Level 5:colcon.colcon_core.verb:set package 'controllers' build argument 'cmake_force_configure' from command line to 'False'
[0.909s] Level 5:colcon.colcon_core.verb:set package 'controllers' build argument 'ament_cmake_args' from command line to 'None'
[0.910s] Level 5:colcon.colcon_core.verb:set package 'controllers' build argument 'catkin_cmake_args' from command line to 'None'
[0.910s] Level 5:colcon.colcon_core.verb:set package 'controllers' build argument 'catkin_skip_building_tests' from command line to 'False'
[0.910s] DEBUG:colcon.colcon_core.verb:Building package 'controllers' with the following arguments: {'ament_cmake_args': None, 'build_base': '/home/diego/Workspaces/ros2_roveruvg_ws/build/controllers', 'catkin_cmake_args': None, 'catkin_skip_building_tests': False, 'cmake_args': None, 'cmake_clean_cache': False, 'cmake_clean_first': False, 'cmake_force_configure': False, 'cmake_target': None, 'cmake_target_skip_unavailable': False, 'install_base': '/home/diego/Workspaces/ros2_roveruvg_ws/install/controllers', 'merge_install': False, 'path': '/home/diego/Workspaces/ros2_roveruvg_ws/src/controllers', 'symlink_install': False, 'test_result_base': None}
[0.913s] Level 5:colcon.colcon_core.verb:set package 'odometry_pkg' build argument 'cmake_args' from command line to 'None'
[0.913s] Level 5:colcon.colcon_core.verb:set package 'odometry_pkg' build argument 'cmake_target' from command line to 'None'
[0.913s] Level 5:colcon.colcon_core.verb:set package 'odometry_pkg' build argument 'cmake_target_skip_unavailable' from command line to 'False'
[0.913s] Level 5:colcon.colcon_core.verb:set package 'odometry_pkg' build argument 'cmake_clean_cache' from command line to 'False'
[0.913s] Level 5:colcon.colcon_core.verb:set package 'odometry_pkg' build argument 'cmake_clean_first' from command line to 'False'
[0.913s] Level 5:colcon.colcon_core.verb:set package 'odometry_pkg' build argument 'cmake_force_configure' from command line to 'False'
[0.913s] Level 5:colcon.colcon_core.verb:set package 'odometry_pkg' build argument 'ament_cmake_args' from command line to 'None'
[0.913s] Level 5:colcon.colcon_core.verb:set package 'odometry_pkg' build argument 'catkin_cmake_args' from command line to 'None'
[0.914s] Level 5:colcon.colcon_core.verb:set package 'odometry_pkg' build argument 'catkin_skip_building_tests' from command line to 'False'
[0.914s] DEBUG:colcon.colcon_core.verb:Building package 'odometry_pkg' with the following arguments: {'ament_cmake_args': None, 'build_base': '/home/diego/Workspaces/ros2_roveruvg_ws/build/odometry_pkg', 'catkin_cmake_args': None, 'catkin_skip_building_tests': False, 'cmake_args': None, 'cmake_clean_cache': False, 'cmake_clean_first': False, 'cmake_force_configure': False, 'cmake_target': None, 'cmake_target_skip_unavailable': False, 'install_base': '/home/diego/Workspaces/ros2_roveruvg_ws/install/odometry_pkg', 'merge_install': False, 'path': '/home/diego/Workspaces/ros2_roveruvg_ws/src/odometry_pkg', 'symlink_install': False, 'test_result_base': None}
[0.916s] INFO:colcon.colcon_core.executor:Executing jobs using 'parallel' executor
[0.928s] DEBUG:colcon.colcon_parallel_executor.executor.parallel:run_until_complete
[0.930s] INFO:colcon.colcon_ros.task.ament_python.build:Building ROS package in '/home/diego/Workspaces/ros2_roveruvg_ws/src/controllers' with build type 'ament_python'
[0.930s] Level 1:colcon.colcon_core.shell:create_environment_hook('controllers', 'ament_prefix_path')
[0.944s] INFO:colcon.colcon_core.plugin_system:Skipping extension 'colcon_core.shell.bat': Not used on non-Windows systems
[0.945s] INFO:colcon.colcon_core.shell:Creating environment hook '/home/diego/Workspaces/ros2_roveruvg_ws/install/controllers/share/controllers/hook/ament_prefix_path.ps1'
[0.947s] INFO:colcon.colcon_core.shell:Creating environment descriptor '/home/diego/Workspaces/ros2_roveruvg_ws/install/controllers/share/controllers/hook/ament_prefix_path.dsv'
[0.949s] INFO:colcon.colcon_core.shell:Creating environment hook '/home/diego/Workspaces/ros2_roveruvg_ws/install/controllers/share/controllers/hook/ament_prefix_path.sh'
[0.956s] INFO:colcon.colcon_core.shell:Skip shell extension 'powershell' for command environment: Not usable outside of PowerShell
[0.956s] DEBUG:colcon.colcon_core.shell:Skip shell extension 'dsv' for command environment
[0.983s] INFO:colcon.colcon_ros.task.ament_python.build:Building ROS package in '/home/diego/Workspaces/ros2_roveruvg_ws/src/odometry_pkg' with build type 'ament_python'
[0.985s] Level 1:colcon.colcon_core.shell:create_environment_hook('odometry_pkg', 'ament_prefix_path')
[0.991s] INFO:colcon.colcon_core.shell:Creating environment hook '/home/diego/Workspaces/ros2_roveruvg_ws/install/odometry_pkg/share/odometry_pkg/hook/ament_prefix_path.ps1'
[0.994s] INFO:colcon.colcon_core.shell:Creating environment descriptor '/home/diego/Workspaces/ros2_roveruvg_ws/install/odometry_pkg/share/odometry_pkg/hook/ament_prefix_path.dsv'
[0.995s] INFO:colcon.colcon_core.shell:Creating environment hook '/home/diego/Workspaces/ros2_roveruvg_ws/install/odometry_pkg/share/odometry_pkg/hook/ament_prefix_path.sh'
[1.003s] INFO:colcon.colcon_core.shell:Skip shell extension 'powershell' for command environment: Not usable outside of PowerShell
[1.004s] DEBUG:colcon.colcon_core.shell:Skip shell extension 'dsv' for command environment
[1.682s] INFO:colcon.colcon_core.task.python.build:Building Python package in '/home/diego/Workspaces/ros2_roveruvg_ws/src/controllers'
[1.689s] INFO:colcon.colcon_core.shell:Skip shell extension 'powershell' for command environment: Not usable outside of PowerShell
[1.690s] DEBUG:colcon.colcon_core.shell:Skip shell extension 'dsv' for command environment
[2.339s] INFO:colcon.colcon_core.task.python.build:Building Python package in '/home/diego/Workspaces/ros2_roveruvg_ws/src/odometry_pkg'
[2.344s] INFO:colcon.colcon_core.shell:Skip shell extension 'powershell' for command environment: Not usable outside of PowerShell
[2.344s] DEBUG:colcon.colcon_core.shell:Skip shell extension 'dsv' for command environment
[3.514s] DEBUG:colcon.colcon_core.event_handler.log_command:Invoking command in '/home/diego/Workspaces/ros2_roveruvg_ws/src/odometry_pkg': PYTHONPATH=/home/diego/Workspaces/ros2_roveruvg_ws/install/odometry_pkg/lib/python3.8/site-packages:${PYTHONPATH} /usr/bin/python3 setup.py egg_info --egg-base ../../build/odometry_pkg build --build-base /home/diego/Workspaces/ros2_roveruvg_ws/build/odometry_pkg/build install --prefix /home/diego/Workspaces/ros2_roveruvg_ws/install/odometry_pkg --record /home/diego/Workspaces/ros2_roveruvg_ws/build/odometry_pkg/install.log --single-version-externally-managed
[3.634s] DEBUG:colcon.colcon_core.event_handler.log_command:Invoking command in '/home/diego/Workspaces/ros2_roveruvg_ws/src/controllers': PYTHONPATH=/home/diego/Workspaces/ros2_roveruvg_ws/install/controllers/lib/python3.8/site-packages:${PYTHONPATH} /usr/bin/python3 setup.py egg_info --egg-base ../../build/controllers build --build-base /home/diego/Workspaces/ros2_roveruvg_ws/build/controllers/build install --prefix /home/diego/Workspaces/ros2_roveruvg_ws/install/controllers --record /home/diego/Workspaces/ros2_roveruvg_ws/build/controllers/install.log --single-version-externally-managed
[4.430s] DEBUG:colcon.colcon_core.event_handler.log_command:Invoked command in '/home/diego/Workspaces/ros2_roveruvg_ws/src/odometry_pkg' returned '0': PYTHONPATH=/home/diego/Workspaces/ros2_roveruvg_ws/install/odometry_pkg/lib/python3.8/site-packages:${PYTHONPATH} /usr/bin/python3 setup.py egg_info --egg-base ../../build/odometry_pkg build --build-base /home/diego/Workspaces/ros2_roveruvg_ws/build/odometry_pkg/build install --prefix /home/diego/Workspaces/ros2_roveruvg_ws/install/odometry_pkg --record /home/diego/Workspaces/ros2_roveruvg_ws/build/odometry_pkg/install.log --single-version-externally-managed
[4.443s] Level 1:colcon.colcon_core.environment:checking '/home/diego/Workspaces/ros2_roveruvg_ws/install/odometry_pkg' for CMake module files
[4.444s] Level 1:colcon.colcon_core.environment:checking '/home/diego/Workspaces/ros2_roveruvg_ws/install/odometry_pkg' for CMake config files
[4.446s] Level 1:colcon.colcon_core.environment:checking '/home/diego/Workspaces/ros2_roveruvg_ws/install/odometry_pkg/lib'
[4.446s] Level 1:colcon.colcon_core.environment:checking '/home/diego/Workspaces/ros2_roveruvg_ws/install/odometry_pkg/bin'
[4.446s] Level 1:colcon.colcon_core.environment:checking '/home/diego/Workspaces/ros2_roveruvg_ws/install/odometry_pkg/lib/pkgconfig/odometry_pkg.pc'
[4.447s] Level 1:colcon.colcon_core.environment:checking '/home/diego/Workspaces/ros2_roveruvg_ws/install/odometry_pkg/lib/python3.8/site-packages'
[4.447s] Level 1:colcon.colcon_core.shell:create_environment_hook('odometry_pkg', 'pythonpath')
[4.455s] INFO:colcon.colcon_core.shell:Creating environment hook '/home/diego/Workspaces/ros2_roveruvg_ws/install/odometry_pkg/share/odometry_pkg/hook/pythonpath.ps1'
[4.456s] INFO:colcon.colcon_core.shell:Creating environment descriptor '/home/diego/Workspaces/ros2_roveruvg_ws/install/odometry_pkg/share/odometry_pkg/hook/pythonpath.dsv'
[4.458s] INFO:colcon.colcon_core.shell:Creating environment hook '/home/diego/Workspaces/ros2_roveruvg_ws/install/odometry_pkg/share/odometry_pkg/hook/pythonpath.sh'
[4.460s] Level 1:colcon.colcon_core.environment:checking '/home/diego/Workspaces/ros2_roveruvg_ws/install/odometry_pkg/bin'
[4.460s] Level 1:colcon.colcon_core.environment:create_environment_scripts_only(odometry_pkg)
[4.464s] INFO:colcon.colcon_core.shell:Creating package script '/home/diego/Workspaces/ros2_roveruvg_ws/install/odometry_pkg/share/odometry_pkg/package.ps1'
[4.466s] INFO:colcon.colcon_core.shell:Creating package descriptor '/home/diego/Workspaces/ros2_roveruvg_ws/install/odometry_pkg/share/odometry_pkg/package.dsv'
[4.468s] INFO:colcon.colcon_core.shell:Creating package script '/home/diego/Workspaces/ros2_roveruvg_ws/install/odometry_pkg/share/odometry_pkg/package.sh'
[4.470s] INFO:colcon.colcon_core.shell:Creating package script '/home/diego/Workspaces/ros2_roveruvg_ws/install/odometry_pkg/share/odometry_pkg/package.bash'
[4.473s] INFO:colcon.colcon_core.shell:Creating package script '/home/diego/Workspaces/ros2_roveruvg_ws/install/odometry_pkg/share/odometry_pkg/package.zsh'
[4.475s] Level 1:colcon.colcon_core.environment:create_file_with_runtime_dependencies(/home/diego/Workspaces/ros2_roveruvg_ws/install/odometry_pkg/share/colcon-core/packages/odometry_pkg)
[4.571s] Level 1:colcon.colcon_core.environment:checking '/home/diego/Workspaces/ros2_roveruvg_ws/install/controllers' for CMake module files
[4.573s] DEBUG:colcon.colcon_core.event_handler.log_command:Invoked command in '/home/diego/Workspaces/ros2_roveruvg_ws/src/controllers' returned '0': PYTHONPATH=/home/diego/Workspaces/ros2_roveruvg_ws/install/controllers/lib/python3.8/site-packages:${PYTHONPATH} /usr/bin/python3 setup.py egg_info --egg-base ../../build/controllers build --build-base /home/diego/Workspaces/ros2_roveruvg_ws/build/controllers/build install --prefix /home/diego/Workspaces/ros2_roveruvg_ws/install/controllers --record /home/diego/Workspaces/ros2_roveruvg_ws/build/controllers/install.log --single-version-externally-managed
[4.574s] Level 1:colcon.colcon_core.environment:checking '/home/diego/Workspaces/ros2_roveruvg_ws/install/controllers' for CMake config files
[4.575s] Level 1:colcon.colcon_core.environment:checking '/home/diego/Workspaces/ros2_roveruvg_ws/install/controllers/lib'
[4.575s] Level 1:colcon.colcon_core.environment:checking '/home/diego/Workspaces/ros2_roveruvg_ws/install/controllers/bin'
[4.575s] Level 1:colcon.colcon_core.environment:checking '/home/diego/Workspaces/ros2_roveruvg_ws/install/controllers/lib/pkgconfig/controllers.pc'
[4.576s] Level 1:colcon.colcon_core.environment:checking '/home/diego/Workspaces/ros2_roveruvg_ws/install/controllers/lib/python3.8/site-packages'
[4.576s] Level 1:colcon.colcon_core.shell:create_environment_hook('controllers', 'pythonpath')
[4.580s] INFO:colcon.colcon_core.shell:Creating environment hook '/home/diego/Workspaces/ros2_roveruvg_ws/install/controllers/share/controllers/hook/pythonpath.ps1'
[4.581s] INFO:colcon.colcon_core.shell:Creating environment descriptor '/home/diego/Workspaces/ros2_roveruvg_ws/install/controllers/share/controllers/hook/pythonpath.dsv'
[4.583s] INFO:colcon.colcon_core.shell:Creating environment hook '/home/diego/Workspaces/ros2_roveruvg_ws/install/controllers/share/controllers/hook/pythonpath.sh'
[4.585s] Level 1:colcon.colcon_core.environment:checking '/home/diego/Workspaces/ros2_roveruvg_ws/install/controllers/bin'
[4.586s] Level 1:colcon.colcon_core.environment:create_environment_scripts_only(controllers)
[4.590s] INFO:colcon.colcon_core.shell:Creating package script '/home/diego/Workspaces/ros2_roveruvg_ws/install/controllers/share/controllers/package.ps1'
[4.592s] INFO:colcon.colcon_core.shell:Creating package descriptor '/home/diego/Workspaces/ros2_roveruvg_ws/install/controllers/share/controllers/package.dsv'
[4.593s] INFO:colcon.colcon_core.shell:Creating package script '/home/diego/Workspaces/ros2_roveruvg_ws/install/controllers/share/controllers/package.sh'
[4.595s] INFO:colcon.colcon_core.shell:Creating package script '/home/diego/Workspaces/ros2_roveruvg_ws/install/controllers/share/controllers/package.bash'
[4.596s] INFO:colcon.colcon_core.shell:Creating package script '/home/diego/Workspaces/ros2_roveruvg_ws/install/controllers/share/controllers/package.zsh'
[4.598s] Level 1:colcon.colcon_core.environment:create_file_with_runtime_dependencies(/home/diego/Workspaces/ros2_roveruvg_ws/install/controllers/share/colcon-core/packages/controllers)
[4.599s] DEBUG:colcon.colcon_parallel_executor.executor.parallel:closing loop
[4.600s] DEBUG:colcon.colcon_parallel_executor.executor.parallel:loop closed
[4.600s] DEBUG:colcon.colcon_parallel_executor.executor.parallel:run_until_complete finished with '0'
[4.600s] DEBUG:colcon.colcon_core.event_reactor:joining thread
[4.627s] INFO:colcon.colcon_core.plugin_system:Skipping extension 'colcon_notification.desktop_notification.terminal_notifier': Not used on non-Darwin systems
[4.627s] INFO:colcon.colcon_core.plugin_system:Skipping extension 'colcon_notification.desktop_notification.win32': Not used on non-Windows systems
[4.628s] INFO:colcon.colcon_notification.desktop_notification:Sending desktop notification using 'notify2'
[4.684s] DEBUG:colcon.colcon_core.event_reactor:joined thread
[4.690s] INFO:colcon.colcon_core.shell:Creating prefix script '/home/diego/Workspaces/ros2_roveruvg_ws/install/local_setup.ps1'
[4.701s] INFO:colcon.colcon_core.shell:Creating prefix util module '/home/diego/Workspaces/ros2_roveruvg_ws/install/_local_setup_util_ps1.py'
[4.704s] INFO:colcon.colcon_core.shell:Creating prefix chain script '/home/diego/Workspaces/ros2_roveruvg_ws/install/setup.ps1'
[4.717s] INFO:colcon.colcon_core.shell:Creating prefix script '/home/diego/Workspaces/ros2_roveruvg_ws/install/local_setup.sh'
[4.719s] INFO:colcon.colcon_core.shell:Creating prefix util module '/home/diego/Workspaces/ros2_roveruvg_ws/install/_local_setup_util_sh.py'
[4.725s] INFO:colcon.colcon_core.shell:Creating prefix chain script '/home/diego/Workspaces/ros2_roveruvg_ws/install/setup.sh'
[4.733s] INFO:colcon.colcon_core.shell:Creating prefix script '/home/diego/Workspaces/ros2_roveruvg_ws/install/local_setup.bash'
[4.739s] INFO:colcon.colcon_core.shell:Creating prefix chain script '/home/diego/Workspaces/ros2_roveruvg_ws/install/setup.bash'
[4.749s] INFO:colcon.colcon_core.shell:Creating prefix script '/home/diego/Workspaces/ros2_roveruvg_ws/install/local_setup.zsh'
[4.750s] INFO:colcon.colcon_core.shell:Creating prefix chain script '/home/diego/Workspaces/ros2_roveruvg_ws/install/setup.zsh'
