[2.047s] Invoking command in '/home/diego/Workspaces/ros2_roveruvg_ws/src/odometry_pkg': PYTHONPATH=/home/diego/Workspaces/ros2_roveruvg_ws/src/install/odometry_pkg/lib/python3.8/site-packages:${PYTHONPATH} /usr/bin/python3 setup.py egg_info --egg-base ../build/odometry_pkg build --build-base /home/diego/Workspaces/ros2_roveruvg_ws/src/build/odometry_pkg/build install --prefix /home/diego/Workspaces/ros2_roveruvg_ws/src/install/odometry_pkg --record /home/diego/Workspaces/ros2_roveruvg_ws/src/build/odometry_pkg/install.log --single-version-externally-managed
[2.583s] running egg_info
[2.584s] creating ../build/odometry_pkg/odometry_pkg.egg-info
[2.584s] writing ../build/odometry_pkg/odometry_pkg.egg-info/PKG-INFO
[2.585s] writing dependency_links to ../build/odometry_pkg/odometry_pkg.egg-info/dependency_links.txt
[2.585s] writing entry points to ../build/odometry_pkg/odometry_pkg.egg-info/entry_points.txt
[2.585s] writing requirements to ../build/odometry_pkg/odometry_pkg.egg-info/requires.txt
[2.586s] writing top-level names to ../build/odometry_pkg/odometry_pkg.egg-info/top_level.txt
[2.598s] writing manifest file '../build/odometry_pkg/odometry_pkg.egg-info/SOURCES.txt'
[2.688s] reading manifest file '../build/odometry_pkg/odometry_pkg.egg-info/SOURCES.txt'
[2.694s] writing manifest file '../build/odometry_pkg/odometry_pkg.egg-info/SOURCES.txt'
[2.694s] running build
[2.695s] running build_py
[2.695s] creating /home/diego/Workspaces/ros2_roveruvg_ws/src/build/odometry_pkg/build
[2.695s] creating /home/diego/Workspaces/ros2_roveruvg_ws/src/build/odometry_pkg/build/lib
[2.695s] creating /home/diego/Workspaces/ros2_roveruvg_ws/src/build/odometry_pkg/build/lib/odometry_pkg
[2.696s] copying odometry_pkg/hardware_arduino_wheels.py -> /home/diego/Workspaces/ros2_roveruvg_ws/src/build/odometry_pkg/build/lib/odometry_pkg
[2.696s] copying odometry_pkg/__init__.py -> /home/diego/Workspaces/ros2_roveruvg_ws/src/build/odometry_pkg/build/lib/odometry_pkg
[2.696s] running install
[2.697s] running install_lib
[2.697s] creating /home/diego/Workspaces/ros2_roveruvg_ws/src/install/odometry_pkg/lib/python3.8/site-packages/odometry_pkg
[2.698s] copying /home/diego/Workspaces/ros2_roveruvg_ws/src/build/odometry_pkg/build/lib/odometry_pkg/hardware_arduino_wheels.py -> /home/diego/Workspaces/ros2_roveruvg_ws/src/install/odometry_pkg/lib/python3.8/site-packages/odometry_pkg
[2.698s] copying /home/diego/Workspaces/ros2_roveruvg_ws/src/build/odometry_pkg/build/lib/odometry_pkg/__init__.py -> /home/diego/Workspaces/ros2_roveruvg_ws/src/install/odometry_pkg/lib/python3.8/site-packages/odometry_pkg
[2.699s] byte-compiling /home/diego/Workspaces/ros2_roveruvg_ws/src/install/odometry_pkg/lib/python3.8/site-packages/odometry_pkg/hardware_arduino_wheels.py to hardware_arduino_wheels.cpython-38.pyc
[2.704s] byte-compiling /home/diego/Workspaces/ros2_roveruvg_ws/src/install/odometry_pkg/lib/python3.8/site-packages/odometry_pkg/__init__.py to __init__.cpython-38.pyc
[2.704s] running install_data
[2.705s] creating /home/diego/Workspaces/ros2_roveruvg_ws/src/install/odometry_pkg/share/ament_index
[2.705s] creating /home/diego/Workspaces/ros2_roveruvg_ws/src/install/odometry_pkg/share/ament_index/resource_index
[2.706s] creating /home/diego/Workspaces/ros2_roveruvg_ws/src/install/odometry_pkg/share/ament_index/resource_index/packages
[2.706s] copying resource/odometry_pkg -> /home/diego/Workspaces/ros2_roveruvg_ws/src/install/odometry_pkg/share/ament_index/resource_index/packages
[2.706s] copying package.xml -> /home/diego/Workspaces/ros2_roveruvg_ws/src/install/odometry_pkg/share/odometry_pkg
[2.706s] running install_egg_info
[2.709s] Copying ../build/odometry_pkg/odometry_pkg.egg-info to /home/diego/Workspaces/ros2_roveruvg_ws/src/install/odometry_pkg/lib/python3.8/site-packages/odometry_pkg-0.0.0-py3.8.egg-info
[2.711s] running install_scripts
[2.751s] Installing hardware_arduino_odometry script to /home/diego/Workspaces/ros2_roveruvg_ws/src/install/odometry_pkg/lib/odometry_pkg
[2.752s] writing list of installed files to '/home/diego/Workspaces/ros2_roveruvg_ws/src/build/odometry_pkg/install.log'
[2.816s] Invoked command in '/home/diego/Workspaces/ros2_roveruvg_ws/src/odometry_pkg' returned '0': PYTHONPATH=/home/diego/Workspaces/ros2_roveruvg_ws/src/install/odometry_pkg/lib/python3.8/site-packages:${PYTHONPATH} /usr/bin/python3 setup.py egg_info --egg-base ../build/odometry_pkg build --build-base /home/diego/Workspaces/ros2_roveruvg_ws/src/build/odometry_pkg/build install --prefix /home/diego/Workspaces/ros2_roveruvg_ws/src/install/odometry_pkg --record /home/diego/Workspaces/ros2_roveruvg_ws/src/build/odometry_pkg/install.log --single-version-externally-managed
