[4.569s] Invoking command in '/home/diego/Workspaces/ros2_roveruvg_ws/src/odometry_pkg': PYTHONPATH=/home/diego/Workspaces/ros2_roveruvg_ws/install/odometry_pkg/lib/python3.8/site-packages:${PYTHONPATH} /usr/bin/python3 setup.py egg_info --egg-base ../../build/odometry_pkg build --build-base /home/diego/Workspaces/ros2_roveruvg_ws/build/odometry_pkg/build install --prefix /home/diego/Workspaces/ros2_roveruvg_ws/install/odometry_pkg --record /home/diego/Workspaces/ros2_roveruvg_ws/build/odometry_pkg/install.log --single-version-externally-managed
[5.440s] running egg_info
[5.442s] writing ../../build/odometry_pkg/odometry_pkg.egg-info/PKG-INFO
[5.443s] writing dependency_links to ../../build/odometry_pkg/odometry_pkg.egg-info/dependency_links.txt
[5.444s] writing entry points to ../../build/odometry_pkg/odometry_pkg.egg-info/entry_points.txt
[5.445s] writing requirements to ../../build/odometry_pkg/odometry_pkg.egg-info/requires.txt
[5.446s] writing top-level names to ../../build/odometry_pkg/odometry_pkg.egg-info/top_level.txt
[5.559s] reading manifest file '../../build/odometry_pkg/odometry_pkg.egg-info/SOURCES.txt'
[5.561s] writing manifest file '../../build/odometry_pkg/odometry_pkg.egg-info/SOURCES.txt'
[5.561s] running build
[5.561s] running build_py
[5.562s] running install
[5.564s] running install_lib
[5.567s] running install_data
[5.568s] running install_egg_info
[5.574s] removing '/home/diego/Workspaces/ros2_roveruvg_ws/install/odometry_pkg/lib/python3.8/site-packages/odometry_pkg-0.0.0-py3.8.egg-info' (and everything under it)
[5.575s] Copying ../../build/odometry_pkg/odometry_pkg.egg-info to /home/diego/Workspaces/ros2_roveruvg_ws/install/odometry_pkg/lib/python3.8/site-packages/odometry_pkg-0.0.0-py3.8.egg-info
[5.579s] running install_scripts
[5.638s] Installing dwm1001_odometry script to /home/diego/Workspaces/ros2_roveruvg_ws/install/odometry_pkg/lib/odometry_pkg
[5.638s] Installing hardware_arduino_odometry script to /home/diego/Workspaces/ros2_roveruvg_ws/install/odometry_pkg/lib/odometry_pkg
[5.639s] Installing optitrack_odometry script to /home/diego/Workspaces/ros2_roveruvg_ws/install/odometry_pkg/lib/odometry_pkg
[5.640s] writing list of installed files to '/home/diego/Workspaces/ros2_roveruvg_ws/build/odometry_pkg/install.log'
[5.717s] Invoked command in '/home/diego/Workspaces/ros2_roveruvg_ws/src/odometry_pkg' returned '0': PYTHONPATH=/home/diego/Workspaces/ros2_roveruvg_ws/install/odometry_pkg/lib/python3.8/site-packages:${PYTHONPATH} /usr/bin/python3 setup.py egg_info --egg-base ../../build/odometry_pkg build --build-base /home/diego/Workspaces/ros2_roveruvg_ws/build/odometry_pkg/build install --prefix /home/diego/Workspaces/ros2_roveruvg_ws/install/odometry_pkg --record /home/diego/Workspaces/ros2_roveruvg_ws/build/odometry_pkg/install.log --single-version-externally-managed
