[3.071s] Invoking command in '/home/diego/Workspaces/ros2_roveruvg_ws/src/controllers': PYTHONPATH=/home/diego/Workspaces/ros2_roveruvg_ws/install/controllers/lib/python3.8/site-packages:${PYTHONPATH} /usr/bin/python3 setup.py egg_info --egg-base ../../build/controllers build --build-base /home/diego/Workspaces/ros2_roveruvg_ws/build/controllers/build install --prefix /home/diego/Workspaces/ros2_roveruvg_ws/install/controllers --record /home/diego/Workspaces/ros2_roveruvg_ws/build/controllers/install.log --single-version-externally-managed
[3.979s] running egg_info
[3.981s] writing ../../build/controllers/controllers.egg-info/PKG-INFO
[3.982s] writing dependency_links to ../../build/controllers/controllers.egg-info/dependency_links.txt
[3.983s] writing entry points to ../../build/controllers/controllers.egg-info/entry_points.txt
[3.984s] writing requirements to ../../build/controllers/controllers.egg-info/requires.txt
[3.985s] writing top-level names to ../../build/controllers/controllers.egg-info/top_level.txt
[4.134s] reading manifest file '../../build/controllers/controllers.egg-info/SOURCES.txt'
[4.136s] writing manifest file '../../build/controllers/controllers.egg-info/SOURCES.txt'
[4.136s] running build
[4.136s] running build_py
[4.137s] running install
[4.139s] running install_lib
[4.143s] running install_data
[4.144s] running install_egg_info
[4.149s] removing '/home/diego/Workspaces/ros2_roveruvg_ws/install/controllers/lib/python3.8/site-packages/controllers-0.0.0-py3.8.egg-info' (and everything under it)
[4.149s] Copying ../../build/controllers/controllers.egg-info to /home/diego/Workspaces/ros2_roveruvg_ws/install/controllers/lib/python3.8/site-packages/controllers-0.0.0-py3.8.egg-info
[4.152s] running install_scripts
[4.207s] Installing simple_controller script to /home/diego/Workspaces/ros2_roveruvg_ws/install/controllers/lib/controllers
[4.209s] writing list of installed files to '/home/diego/Workspaces/ros2_roveruvg_ws/build/controllers/install.log'
[4.349s] Invoked command in '/home/diego/Workspaces/ros2_roveruvg_ws/src/controllers' returned '0': PYTHONPATH=/home/diego/Workspaces/ros2_roveruvg_ws/install/controllers/lib/python3.8/site-packages:${PYTHONPATH} /usr/bin/python3 setup.py egg_info --egg-base ../../build/controllers build --build-base /home/diego/Workspaces/ros2_roveruvg_ws/build/controllers/build install --prefix /home/diego/Workspaces/ros2_roveruvg_ws/install/controllers --record /home/diego/Workspaces/ros2_roveruvg_ws/build/controllers/install.log --single-version-externally-managed
