[3.036s] Invoking command in '/home/diego/Workspaces/ros2_roveruvg_ws/src/odometry_pkg': PYTHONPATH=/home/diego/Workspaces/ros2_roveruvg_ws/install/odometry_pkg/lib/python3.8/site-packages:${PYTHONPATH} /usr/bin/python3 setup.py egg_info --egg-base ../../build/odometry_pkg build --build-base /home/diego/Workspaces/ros2_roveruvg_ws/build/odometry_pkg/build install --prefix /home/diego/Workspaces/ros2_roveruvg_ws/install/odometry_pkg --record /home/diego/Workspaces/ros2_roveruvg_ws/build/odometry_pkg/install.log --single-version-externally-managed
[4.063s] running egg_info
[4.071s] writing ../../build/odometry_pkg/odometry_pkg.egg-info/PKG-INFO
[4.073s] writing dependency_links to ../../build/odometry_pkg/odometry_pkg.egg-info/dependency_links.txt
[4.074s] writing entry points to ../../build/odometry_pkg/odometry_pkg.egg-info/entry_points.txt
[4.075s] writing requirements to ../../build/odometry_pkg/odometry_pkg.egg-info/requires.txt
[4.079s] writing top-level names to ../../build/odometry_pkg/odometry_pkg.egg-info/top_level.txt
[4.228s] reading manifest file '../../build/odometry_pkg/odometry_pkg.egg-info/SOURCES.txt'
[4.228s] writing manifest file '../../build/odometry_pkg/odometry_pkg.egg-info/SOURCES.txt'
[4.231s] running build
[4.231s] running build_py
[4.232s] copying odometry_pkg/optitrack_client.py -> /home/diego/Workspaces/ros2_roveruvg_ws/build/odometry_pkg/build/lib/odometry_pkg
[4.234s] running install
[4.237s] running install_lib
[4.251s] copying /home/diego/Workspaces/ros2_roveruvg_ws/build/odometry_pkg/build/lib/odometry_pkg/optitrack_client.py -> /home/diego/Workspaces/ros2_roveruvg_ws/install/odometry_pkg/lib/python3.8/site-packages/odometry_pkg
[4.251s] byte-compiling /home/diego/Workspaces/ros2_roveruvg_ws/install/odometry_pkg/lib/python3.8/site-packages/odometry_pkg/optitrack_client.py to optitrack_client.cpython-38.pyc
[4.254s] running install_data
[4.260s] running install_egg_info
[4.266s] removing '/home/diego/Workspaces/ros2_roveruvg_ws/install/odometry_pkg/lib/python3.8/site-packages/odometry_pkg-0.0.0-py3.8.egg-info' (and everything under it)
[4.275s] Copying ../../build/odometry_pkg/odometry_pkg.egg-info to /home/diego/Workspaces/ros2_roveruvg_ws/install/odometry_pkg/lib/python3.8/site-packages/odometry_pkg-0.0.0-py3.8.egg-info
[4.276s] running install_scripts
[4.349s] Installing dwm1001_odometry script to /home/diego/Workspaces/ros2_roveruvg_ws/install/odometry_pkg/lib/odometry_pkg
[4.350s] Installing hardware_arduino_odometry script to /home/diego/Workspaces/ros2_roveruvg_ws/install/odometry_pkg/lib/odometry_pkg
[4.358s] Installing optitrack_odometry script to /home/diego/Workspaces/ros2_roveruvg_ws/install/odometry_pkg/lib/odometry_pkg
[4.360s] writing list of installed files to '/home/diego/Workspaces/ros2_roveruvg_ws/build/odometry_pkg/install.log'
[4.469s] Invoked command in '/home/diego/Workspaces/ros2_roveruvg_ws/src/odometry_pkg' returned '0': PYTHONPATH=/home/diego/Workspaces/ros2_roveruvg_ws/install/odometry_pkg/lib/python3.8/site-packages:${PYTHONPATH} /usr/bin/python3 setup.py egg_info --egg-base ../../build/odometry_pkg build --build-base /home/diego/Workspaces/ros2_roveruvg_ws/build/odometry_pkg/build install --prefix /home/diego/Workspaces/ros2_roveruvg_ws/install/odometry_pkg --record /home/diego/Workspaces/ros2_roveruvg_ws/build/odometry_pkg/install.log --single-version-externally-managed
