[-1641600.990s] DEBUG:colcon:Command line arguments: ['/usr/bin/colcon', 'build']
[-1641600.989s] DEBUG:colcon:Parsed command line arguments: Namespace(allow_overriding=[], ament_cmake_args=None, base_paths=['.'], build_base='build', catkin_cmake_args=None, catkin_skip_building_tests=False, cmake_args=None, cmake_clean_cache=False, cmake_clean_first=False, cmake_force_configure=False, cmake_target=None, cmake_target_skip_unavailable=False, continue_on_error=False, event_handlers=None, executor='parallel', ignore_user_meta=False, install_base='install', log_base=None, log_level=None, main=<bound method BuildVerb.main of <colcon_core.verb.build.BuildVerb object at 0x7fd55c6437f0>>, merge_install=False, metas=['./colcon.meta'], packages_above=None, packages_above_and_dependencies=None, packages_above_depth=None, packages_end=None, packages_ignore=None, packages_ignore_regex=None, packages_select=None, packages_select_build_failed=False, packages_select_by_dep=None, packages_select_regex=None, packages_select_test_failures=False, packages_skip=None, packages_skip_build_finished=False, packages_skip_by_dep=None, packages_skip_regex=None, packages_skip_test_passed=False, packages_skip_up_to=None, packages_start=None, packages_up_to=None, packages_up_to_regex=None, parallel_workers=2, paths=None, symlink_install=False, test_result_base=None, verb_extension=<colcon_core.verb.build.BuildVerb object at 0x7fd55c6437f0>, verb_name='build', verb_parser=<colcon_defaults.argument_parser.defaults.DefaultArgumentsDecorator object at 0x7fd55c643d60>)
[-1641600.927s] Level 1:colcon.colcon_core.package_discovery:discover_packages(colcon_meta) check parameters
[-1641600.927s] Level 1:colcon.colcon_core.package_discovery:discover_packages(recursive) check parameters
[-1641600.926s] Level 1:colcon.colcon_core.package_discovery:discover_packages(ignore) check parameters
[-1641600.926s] Level 1:colcon.colcon_core.package_discovery:discover_packages(path) check parameters
[-1641600.926s] Level 1:colcon.colcon_core.package_discovery:discover_packages(colcon_meta) discover
[-1641600.926s] Level 1:colcon.colcon_core.package_discovery:discover_packages(recursive) discover
[-1641600.926s] INFO:colcon.colcon_core.package_discovery:Crawling recursively for packages in '/home/diego/Workspaces/ros2_roveruvg_ws'
[-1641600.926s] Level 1:colcon.colcon_core.package_identification:_identify(.) by extensions ['ignore', 'ignore_ament_install']
[-1641600.925s] Level 1:colcon.colcon_core.package_identification:_identify(.) by extension 'ignore'
[-1641600.925s] Level 1:colcon.colcon_core.package_identification:_identify(.) by extension 'ignore_ament_install'
[-1641600.925s] Level 1:colcon.colcon_core.package_identification:_identify(.) by extensions ['colcon_pkg']
[-1641600.925s] Level 1:colcon.colcon_core.package_identification:_identify(.) by extension 'colcon_pkg'
[-1641600.925s] Level 1:colcon.colcon_core.package_identification:_identify(.) by extensions ['colcon_meta']
[-1641600.925s] Level 1:colcon.colcon_core.package_identification:_identify(.) by extension 'colcon_meta'
[-1641600.925s] Level 1:colcon.colcon_core.package_identification:_identify(.) by extensions ['ros']
[-1641600.925s] Level 1:colcon.colcon_core.package_identification:_identify(.) by extension 'ros'
[-1641600.892s] Level 1:colcon.colcon_core.package_identification:_identify(.) by extensions ['cmake', 'python']
[-1641600.892s] Level 1:colcon.colcon_core.package_identification:_identify(.) by extension 'cmake'
[-1641600.892s] Level 1:colcon.colcon_core.package_identification:_identify(.) by extension 'python'
[-1641600.892s] Level 1:colcon.colcon_core.package_identification:_identify(.) by extensions ['python_setup_py']
[-1641600.892s] Level 1:colcon.colcon_core.package_identification:_identify(.) by extension 'python_setup_py'
[-1641600.891s] Level 1:colcon.colcon_core.package_identification:_identify(build) by extensions ['ignore', 'ignore_ament_install']
[-1641600.891s] Level 1:colcon.colcon_core.package_identification:_identify(build) by extension 'ignore'
[-1641600.891s] Level 1:colcon.colcon_core.package_identification:_identify(build) ignored
[-1641600.891s] Level 1:colcon.colcon_core.package_identification:_identify(install) by extensions ['ignore', 'ignore_ament_install']
[-1641600.890s] Level 1:colcon.colcon_core.package_identification:_identify(install) by extension 'ignore'
[-1641600.890s] Level 1:colcon.colcon_core.package_identification:_identify(install) ignored
[-1641600.890s] Level 1:colcon.colcon_core.package_identification:_identify(log) by extensions ['ignore', 'ignore_ament_install']
[-1641600.890s] Level 1:colcon.colcon_core.package_identification:_identify(log) by extension 'ignore'
[-1641600.890s] Level 1:colcon.colcon_core.package_identification:_identify(log) ignored
[-1641600.889s] Level 1:colcon.colcon_core.package_identification:_identify(src) by extensions ['ignore', 'ignore_ament_install']
[-1641600.889s] Level 1:colcon.colcon_core.package_identification:_identify(src) by extension 'ignore'
[-1641600.889s] Level 1:colcon.colcon_core.package_identification:_identify(src) by extension 'ignore_ament_install'
[-1641600.889s] Level 1:colcon.colcon_core.package_identification:_identify(src) by extensions ['colcon_pkg']
[-1641600.889s] Level 1:colcon.colcon_core.package_identification:_identify(src) by extension 'colcon_pkg'
[-1641600.889s] Level 1:colcon.colcon_core.package_identification:_identify(src) by extensions ['colcon_meta']
[-1641600.889s] Level 1:colcon.colcon_core.package_identification:_identify(src) by extension 'colcon_meta'
[-1641600.889s] Level 1:colcon.colcon_core.package_identification:_identify(src) by extensions ['ros']
[-1641600.889s] Level 1:colcon.colcon_core.package_identification:_identify(src) by extension 'ros'
[-1641600.888s] Level 1:colcon.colcon_core.package_identification:_identify(src) by extensions ['cmake', 'python']
[-1641600.888s] Level 1:colcon.colcon_core.package_identification:_identify(src) by extension 'cmake'
[-1641600.888s] Level 1:colcon.colcon_core.package_identification:_identify(src) by extension 'python'
[-1641600.888s] Level 1:colcon.colcon_core.package_identification:_identify(src) by extensions ['python_setup_py']
[-1641600.888s] Level 1:colcon.colcon_core.package_identification:_identify(src) by extension 'python_setup_py'
[-1641600.888s] Level 1:colcon.colcon_core.package_identification:_identify(src/build) by extensions ['ignore', 'ignore_ament_install']
[-1641600.888s] Level 1:colcon.colcon_core.package_identification:_identify(src/build) by extension 'ignore'
[-1641600.887s] Level 1:colcon.colcon_core.package_identification:_identify(src/build) ignored
[-1641600.887s] Level 1:colcon.colcon_core.package_identification:_identify(src/controllers) by extensions ['ignore', 'ignore_ament_install']
[-1641600.887s] Level 1:colcon.colcon_core.package_identification:_identify(src/controllers) by extension 'ignore'
[-1641600.887s] Level 1:colcon.colcon_core.package_identification:_identify(src/controllers) by extension 'ignore_ament_install'
[-1641600.887s] Level 1:colcon.colcon_core.package_identification:_identify(src/controllers) by extensions ['colcon_pkg']
[-1641600.887s] Level 1:colcon.colcon_core.package_identification:_identify(src/controllers) by extension 'colcon_pkg'
[-1641600.887s] Level 1:colcon.colcon_core.package_identification:_identify(src/controllers) by extensions ['colcon_meta']
[-1641600.887s] Level 1:colcon.colcon_core.package_identification:_identify(src/controllers) by extension 'colcon_meta'
[-1641600.886s] Level 1:colcon.colcon_core.package_identification:_identify(src/controllers) by extensions ['ros']
[-1641600.886s] Level 1:colcon.colcon_core.package_identification:_identify(src/controllers) by extension 'ros'
[-1641600.881s] DEBUG:colcon.colcon_core.package_identification:Package 'src/controllers' with type 'ros.ament_python' and name 'controllers'
[-1641600.880s] Level 1:colcon.colcon_core.package_identification:_identify(src/install) by extensions ['ignore', 'ignore_ament_install']
[-1641600.880s] Level 1:colcon.colcon_core.package_identification:_identify(src/install) by extension 'ignore'
[-1641600.880s] Level 1:colcon.colcon_core.package_identification:_identify(src/install) ignored
[-1641600.880s] Level 1:colcon.colcon_core.package_identification:_identify(src/log) by extensions ['ignore', 'ignore_ament_install']
[-1641600.879s] Level 1:colcon.colcon_core.package_identification:_identify(src/log) by extension 'ignore'
[-1641600.879s] Level 1:colcon.colcon_core.package_identification:_identify(src/log) ignored
[-1641600.879s] Level 1:colcon.colcon_core.package_identification:_identify(src/odometry_pkg) by extensions ['ignore', 'ignore_ament_install']
[-1641600.879s] Level 1:colcon.colcon_core.package_identification:_identify(src/odometry_pkg) by extension 'ignore'
[-1641600.879s] Level 1:colcon.colcon_core.package_identification:_identify(src/odometry_pkg) by extension 'ignore_ament_install'
[-1641600.879s] Level 1:colcon.colcon_core.package_identification:_identify(src/odometry_pkg) by extensions ['colcon_pkg']
[-1641600.879s] Level 1:colcon.colcon_core.package_identification:_identify(src/odometry_pkg) by extension 'colcon_pkg'
[-1641600.879s] Level 1:colcon.colcon_core.package_identification:_identify(src/odometry_pkg) by extensions ['colcon_meta']
[-1641600.878s] Level 1:colcon.colcon_core.package_identification:_identify(src/odometry_pkg) by extension 'colcon_meta'
[-1641600.878s] Level 1:colcon.colcon_core.package_identification:_identify(src/odometry_pkg) by extensions ['ros']
[-1641600.878s] Level 1:colcon.colcon_core.package_identification:_identify(src/odometry_pkg) by extension 'ros'
[-1641600.877s] DEBUG:colcon.colcon_core.package_identification:Package 'src/odometry_pkg' with type 'ros.ament_python' and name 'odometry_pkg'
[-1641600.877s] Level 1:colcon.colcon_core.package_discovery:discover_packages(recursive) using defaults
[-1641600.876s] Level 1:colcon.colcon_core.package_discovery:discover_packages(ignore) discover
[-1641600.876s] Level 1:colcon.colcon_core.package_discovery:discover_packages(ignore) using defaults
[-1641600.876s] Level 1:colcon.colcon_core.package_discovery:discover_packages(path) discover
[-1641600.876s] Level 1:colcon.colcon_core.package_discovery:discover_packages(path) using defaults
[0.616s] Level 1:colcon.colcon_core.package_discovery:discover_packages(prefix_path) check parameters
[0.617s] Level 1:colcon.colcon_core.package_discovery:discover_packages(prefix_path) discover
[0.676s] DEBUG:colcon.colcon_installed_package_information.package_discovery:Found 312 installed packages in /opt/ros/foxy
[0.698s] Level 1:colcon.colcon_core.package_discovery:discover_packages(prefix_path) using defaults
[1.175s] Level 5:colcon.colcon_core.verb:set package 'controllers' build argument 'cmake_args' from command line to 'None'
[1.175s] Level 5:colcon.colcon_core.verb:set package 'controllers' build argument 'cmake_target' from command line to 'None'
[1.175s] Level 5:colcon.colcon_core.verb:set package 'controllers' build argument 'cmake_target_skip_unavailable' from command line to 'False'
[1.176s] Level 5:colcon.colcon_core.verb:set package 'controllers' build argument 'cmake_clean_cache' from command line to 'False'
[1.176s] Level 5:colcon.colcon_core.verb:set package 'controllers' build argument 'cmake_clean_first' from command line to 'False'
[1.176s] Level 5:colcon.colcon_core.verb:set package 'controllers' build argument 'cmake_force_configure' from command line to 'False'
[1.176s] Level 5:colcon.colcon_core.verb:set package 'controllers' build argument 'ament_cmake_args' from command line to 'None'
[1.176s] Level 5:colcon.colcon_core.verb:set package 'controllers' build argument 'catkin_cmake_args' from command line to 'None'
[1.176s] Level 5:colcon.colcon_core.verb:set package 'controllers' build argument 'catkin_skip_building_tests' from command line to 'False'
[1.176s] DEBUG:colcon.colcon_core.verb:Building package 'controllers' with the following arguments: {'ament_cmake_args': None, 'build_base': '/home/diego/Workspaces/ros2_roveruvg_ws/build/controllers', 'catkin_cmake_args': None, 'catkin_skip_building_tests': False, 'cmake_args': None, 'cmake_clean_cache': False, 'cmake_clean_first': False, 'cmake_force_configure': False, 'cmake_target': None, 'cmake_target_skip_unavailable': False, 'install_base': '/home/diego/Workspaces/ros2_roveruvg_ws/install/controllers', 'merge_install': False, 'path': '/home/diego/Workspaces/ros2_roveruvg_ws/src/controllers', 'symlink_install': False, 'test_result_base': None}
[1.180s] Level 5:colcon.colcon_core.verb:set package 'odometry_pkg' build argument 'cmake_args' from command line to 'None'
[1.180s] Level 5:colcon.colcon_core.verb:set package 'odometry_pkg' build argument 'cmake_target' from command line to 'None'
[1.180s] Level 5:colcon.colcon_core.verb:set package 'odometry_pkg' build argument 'cmake_target_skip_unavailable' from command line to 'False'
[1.180s] Level 5:colcon.colcon_core.verb:set package 'odometry_pkg' build argument 'cmake_clean_cache' from command line to 'False'
[1.180s] Level 5:colcon.colcon_core.verb:set package 'odometry_pkg' build argument 'cmake_clean_first' from command line to 'False'
[1.180s] Level 5:colcon.colcon_core.verb:set package 'odometry_pkg' build argument 'cmake_force_configure' from command line to 'False'
[1.180s] Level 5:colcon.colcon_core.verb:set package 'odometry_pkg' build argument 'ament_cmake_args' from command line to 'None'
[1.180s] Level 5:colcon.colcon_core.verb:set package 'odometry_pkg' build argument 'catkin_cmake_args' from command line to 'None'
[1.180s] Level 5:colcon.colcon_core.verb:set package 'odometry_pkg' build argument 'catkin_skip_building_tests' from command line to 'False'
[1.180s] DEBUG:colcon.colcon_core.verb:Building package 'odometry_pkg' with the following arguments: {'ament_cmake_args': None, 'build_base': '/home/diego/Workspaces/ros2_roveruvg_ws/build/odometry_pkg', 'catkin_cmake_args': None, 'catkin_skip_building_tests': False, 'cmake_args': None, 'cmake_clean_cache': False, 'cmake_clean_first': False, 'cmake_force_configure': False, 'cmake_target': None, 'cmake_target_skip_unavailable': False, 'install_base': '/home/diego/Workspaces/ros2_roveruvg_ws/install/odometry_pkg', 'merge_install': False, 'path': '/home/diego/Workspaces/ros2_roveruvg_ws/src/odometry_pkg', 'symlink_install': False, 'test_result_base': None}
[1.183s] INFO:colcon.colcon_core.executor:Executing jobs using 'parallel' executor
[1.198s] DEBUG:colcon.colcon_parallel_executor.executor.parallel:run_until_complete
[1.199s] INFO:colcon.colcon_ros.task.ament_python.build:Building ROS package in '/home/diego/Workspaces/ros2_roveruvg_ws/src/controllers' with build type 'ament_python'
[1.199s] Level 1:colcon.colcon_core.shell:create_environment_hook('controllers', 'ament_prefix_path')
[1.218s] INFO:colcon.colcon_core.plugin_system:Skipping extension 'colcon_core.shell.bat': Not used on non-Windows systems
[1.219s] INFO:colcon.colcon_core.shell:Creating environment hook '/home/diego/Workspaces/ros2_roveruvg_ws/install/controllers/share/controllers/hook/ament_prefix_path.ps1'
[1.221s] INFO:colcon.colcon_core.shell:Creating environment descriptor '/home/diego/Workspaces/ros2_roveruvg_ws/install/controllers/share/controllers/hook/ament_prefix_path.dsv'
[1.222s] INFO:colcon.colcon_core.shell:Creating environment hook '/home/diego/Workspaces/ros2_roveruvg_ws/install/controllers/share/controllers/hook/ament_prefix_path.sh'
[1.230s] INFO:colcon.colcon_core.shell:Skip shell extension 'powershell' for command environment: Not usable outside of PowerShell
[1.231s] DEBUG:colcon.colcon_core.shell:Skip shell extension 'dsv' for command environment
[1.270s] INFO:colcon.colcon_ros.task.ament_python.build:Building ROS package in '/home/diego/Workspaces/ros2_roveruvg_ws/src/odometry_pkg' with build type 'ament_python'
[1.271s] Level 1:colcon.colcon_core.shell:create_environment_hook('odometry_pkg', 'ament_prefix_path')
[1.291s] INFO:colcon.colcon_core.shell:Creating environment hook '/home/diego/Workspaces/ros2_roveruvg_ws/install/odometry_pkg/share/odometry_pkg/hook/ament_prefix_path.ps1'
[1.296s] INFO:colcon.colcon_core.shell:Creating environment descriptor '/home/diego/Workspaces/ros2_roveruvg_ws/install/odometry_pkg/share/odometry_pkg/hook/ament_prefix_path.dsv'
[1.299s] INFO:colcon.colcon_core.shell:Creating environment hook '/home/diego/Workspaces/ros2_roveruvg_ws/install/odometry_pkg/share/odometry_pkg/hook/ament_prefix_path.sh'
[1.323s] INFO:colcon.colcon_core.shell:Skip shell extension 'powershell' for command environment: Not usable outside of PowerShell
[1.324s] DEBUG:colcon.colcon_core.shell:Skip shell extension 'dsv' for command environment
[2.271s] INFO:colcon.colcon_core.task.python.build:Building Python package in '/home/diego/Workspaces/ros2_roveruvg_ws/src/controllers'
[2.276s] INFO:colcon.colcon_core.shell:Skip shell extension 'powershell' for command environment: Not usable outside of PowerShell
[2.276s] DEBUG:colcon.colcon_core.shell:Skip shell extension 'dsv' for command environment
[3.161s] INFO:colcon.colcon_core.task.python.build:Building Python package in '/home/diego/Workspaces/ros2_roveruvg_ws/src/odometry_pkg'
[3.173s] INFO:colcon.colcon_core.shell:Skip shell extension 'powershell' for command environment: Not usable outside of PowerShell
[3.173s] DEBUG:colcon.colcon_core.shell:Skip shell extension 'dsv' for command environment
[5.780s] DEBUG:colcon.colcon_core.event_handler.log_command:Invoking command in '/home/diego/Workspaces/ros2_roveruvg_ws/src/controllers': PYTHONPATH=/home/diego/Workspaces/ros2_roveruvg_ws/install/controllers/lib/python3.8/site-packages:${PYTHONPATH} /usr/bin/python3 setup.py egg_info --egg-base ../../build/controllers build --build-base /home/diego/Workspaces/ros2_roveruvg_ws/build/controllers/build install --prefix /home/diego/Workspaces/ros2_roveruvg_ws/install/controllers --record /home/diego/Workspaces/ros2_roveruvg_ws/build/controllers/install.log --single-version-externally-managed
[5.854s] DEBUG:colcon.colcon_core.event_handler.log_command:Invoking command in '/home/diego/Workspaces/ros2_roveruvg_ws/src/odometry_pkg': PYTHONPATH=/home/diego/Workspaces/ros2_roveruvg_ws/install/odometry_pkg/lib/python3.8/site-packages:${PYTHONPATH} /usr/bin/python3 setup.py egg_info --egg-base ../../build/odometry_pkg build --build-base /home/diego/Workspaces/ros2_roveruvg_ws/build/odometry_pkg/build install --prefix /home/diego/Workspaces/ros2_roveruvg_ws/install/odometry_pkg --record /home/diego/Workspaces/ros2_roveruvg_ws/build/odometry_pkg/install.log --single-version-externally-managed
[6.906s] DEBUG:colcon.colcon_core.event_handler.log_command:Invoked command in '/home/diego/Workspaces/ros2_roveruvg_ws/src/controllers' returned '0': PYTHONPATH=/home/diego/Workspaces/ros2_roveruvg_ws/install/controllers/lib/python3.8/site-packages:${PYTHONPATH} /usr/bin/python3 setup.py egg_info --egg-base ../../build/controllers build --build-base /home/diego/Workspaces/ros2_roveruvg_ws/build/controllers/build install --prefix /home/diego/Workspaces/ros2_roveruvg_ws/install/controllers --record /home/diego/Workspaces/ros2_roveruvg_ws/build/controllers/install.log --single-version-externally-managed
[6.918s] Level 1:colcon.colcon_core.environment:checking '/home/diego/Workspaces/ros2_roveruvg_ws/install/controllers' for CMake module files
[6.920s] Level 1:colcon.colcon_core.environment:checking '/home/diego/Workspaces/ros2_roveruvg_ws/install/controllers' for CMake config files
[6.924s] Level 1:colcon.colcon_core.environment:checking '/home/diego/Workspaces/ros2_roveruvg_ws/install/controllers/lib'
[6.926s] Level 1:colcon.colcon_core.environment:checking '/home/diego/Workspaces/ros2_roveruvg_ws/install/controllers/bin'
[6.926s] Level 1:colcon.colcon_core.environment:checking '/home/diego/Workspaces/ros2_roveruvg_ws/install/controllers/lib/pkgconfig/controllers.pc'
[6.927s] Level 1:colcon.colcon_core.environment:checking '/home/diego/Workspaces/ros2_roveruvg_ws/install/controllers/lib/python3.8/site-packages'
[6.927s] Level 1:colcon.colcon_core.shell:create_environment_hook('controllers', 'pythonpath')
[6.933s] INFO:colcon.colcon_core.shell:Creating environment hook '/home/diego/Workspaces/ros2_roveruvg_ws/install/controllers/share/controllers/hook/pythonpath.ps1'
[6.935s] INFO:colcon.colcon_core.shell:Creating environment descriptor '/home/diego/Workspaces/ros2_roveruvg_ws/install/controllers/share/controllers/hook/pythonpath.dsv'
[6.937s] INFO:colcon.colcon_core.shell:Creating environment hook '/home/diego/Workspaces/ros2_roveruvg_ws/install/controllers/share/controllers/hook/pythonpath.sh'
[6.939s] Level 1:colcon.colcon_core.environment:checking '/home/diego/Workspaces/ros2_roveruvg_ws/install/controllers/bin'
[6.939s] Level 1:colcon.colcon_core.environment:create_environment_scripts_only(controllers)
[6.945s] INFO:colcon.colcon_core.shell:Creating package script '/home/diego/Workspaces/ros2_roveruvg_ws/install/controllers/share/controllers/package.ps1'
[6.947s] INFO:colcon.colcon_core.shell:Creating package descriptor '/home/diego/Workspaces/ros2_roveruvg_ws/install/controllers/share/controllers/package.dsv'
[6.950s] INFO:colcon.colcon_core.shell:Creating package script '/home/diego/Workspaces/ros2_roveruvg_ws/install/controllers/share/controllers/package.sh'
[6.952s] INFO:colcon.colcon_core.shell:Creating package script '/home/diego/Workspaces/ros2_roveruvg_ws/install/controllers/share/controllers/package.bash'
[6.955s] INFO:colcon.colcon_core.shell:Creating package script '/home/diego/Workspaces/ros2_roveruvg_ws/install/controllers/share/controllers/package.zsh'
[6.957s] Level 1:colcon.colcon_core.environment:create_file_with_runtime_dependencies(/home/diego/Workspaces/ros2_roveruvg_ws/install/controllers/share/colcon-core/packages/controllers)
[7.000s] Level 1:colcon.colcon_core.environment:checking '/home/diego/Workspaces/ros2_roveruvg_ws/install/odometry_pkg' for CMake module files
[7.002s] DEBUG:colcon.colcon_core.event_handler.log_command:Invoked command in '/home/diego/Workspaces/ros2_roveruvg_ws/src/odometry_pkg' returned '0': PYTHONPATH=/home/diego/Workspaces/ros2_roveruvg_ws/install/odometry_pkg/lib/python3.8/site-packages:${PYTHONPATH} /usr/bin/python3 setup.py egg_info --egg-base ../../build/odometry_pkg build --build-base /home/diego/Workspaces/ros2_roveruvg_ws/build/odometry_pkg/build install --prefix /home/diego/Workspaces/ros2_roveruvg_ws/install/odometry_pkg --record /home/diego/Workspaces/ros2_roveruvg_ws/build/odometry_pkg/install.log --single-version-externally-managed
[7.003s] Level 1:colcon.colcon_core.environment:checking '/home/diego/Workspaces/ros2_roveruvg_ws/install/odometry_pkg' for CMake config files
[7.005s] Level 1:colcon.colcon_core.environment:checking '/home/diego/Workspaces/ros2_roveruvg_ws/install/odometry_pkg/lib'
[7.005s] Level 1:colcon.colcon_core.environment:checking '/home/diego/Workspaces/ros2_roveruvg_ws/install/odometry_pkg/bin'
[7.005s] Level 1:colcon.colcon_core.environment:checking '/home/diego/Workspaces/ros2_roveruvg_ws/install/odometry_pkg/lib/pkgconfig/odometry_pkg.pc'
[7.006s] Level 1:colcon.colcon_core.environment:checking '/home/diego/Workspaces/ros2_roveruvg_ws/install/odometry_pkg/lib/python3.8/site-packages'
[7.006s] Level 1:colcon.colcon_core.shell:create_environment_hook('odometry_pkg', 'pythonpath')
[7.010s] INFO:colcon.colcon_core.shell:Creating environment hook '/home/diego/Workspaces/ros2_roveruvg_ws/install/odometry_pkg/share/odometry_pkg/hook/pythonpath.ps1'
[7.011s] INFO:colcon.colcon_core.shell:Creating environment descriptor '/home/diego/Workspaces/ros2_roveruvg_ws/install/odometry_pkg/share/odometry_pkg/hook/pythonpath.dsv'
[7.013s] INFO:colcon.colcon_core.shell:Creating environment hook '/home/diego/Workspaces/ros2_roveruvg_ws/install/odometry_pkg/share/odometry_pkg/hook/pythonpath.sh'
[7.015s] Level 1:colcon.colcon_core.environment:checking '/home/diego/Workspaces/ros2_roveruvg_ws/install/odometry_pkg/bin'
[7.015s] Level 1:colcon.colcon_core.environment:create_environment_scripts_only(odometry_pkg)
[7.019s] INFO:colcon.colcon_core.shell:Creating package script '/home/diego/Workspaces/ros2_roveruvg_ws/install/odometry_pkg/share/odometry_pkg/package.ps1'
[7.021s] INFO:colcon.colcon_core.shell:Creating package descriptor '/home/diego/Workspaces/ros2_roveruvg_ws/install/odometry_pkg/share/odometry_pkg/package.dsv'
[7.023s] INFO:colcon.colcon_core.shell:Creating package script '/home/diego/Workspaces/ros2_roveruvg_ws/install/odometry_pkg/share/odometry_pkg/package.sh'
[7.025s] INFO:colcon.colcon_core.shell:Creating package script '/home/diego/Workspaces/ros2_roveruvg_ws/install/odometry_pkg/share/odometry_pkg/package.bash'
[7.026s] INFO:colcon.colcon_core.shell:Creating package script '/home/diego/Workspaces/ros2_roveruvg_ws/install/odometry_pkg/share/odometry_pkg/package.zsh'
[7.027s] Level 1:colcon.colcon_core.environment:create_file_with_runtime_dependencies(/home/diego/Workspaces/ros2_roveruvg_ws/install/odometry_pkg/share/colcon-core/packages/odometry_pkg)
[7.028s] DEBUG:colcon.colcon_parallel_executor.executor.parallel:closing loop
[7.030s] DEBUG:colcon.colcon_parallel_executor.executor.parallel:loop closed
[7.030s] DEBUG:colcon.colcon_parallel_executor.executor.parallel:run_until_complete finished with '0'
[7.030s] DEBUG:colcon.colcon_core.event_reactor:joining thread
[7.048s] INFO:colcon.colcon_core.plugin_system:Skipping extension 'colcon_notification.desktop_notification.terminal_notifier': Not used on non-Darwin systems
[7.048s] INFO:colcon.colcon_core.plugin_system:Skipping extension 'colcon_notification.desktop_notification.win32': Not used on non-Windows systems
[7.048s] INFO:colcon.colcon_notification.desktop_notification:Sending desktop notification using 'notify2'
[7.112s] DEBUG:colcon.colcon_core.event_reactor:joined thread
[7.115s] INFO:colcon.colcon_core.shell:Creating prefix script '/home/diego/Workspaces/ros2_roveruvg_ws/install/local_setup.ps1'
[7.118s] INFO:colcon.colcon_core.shell:Creating prefix util module '/home/diego/Workspaces/ros2_roveruvg_ws/install/_local_setup_util_ps1.py'
[7.122s] INFO:colcon.colcon_core.shell:Creating prefix chain script '/home/diego/Workspaces/ros2_roveruvg_ws/install/setup.ps1'
[7.126s] INFO:colcon.colcon_core.shell:Creating prefix script '/home/diego/Workspaces/ros2_roveruvg_ws/install/local_setup.sh'
[7.128s] INFO:colcon.colcon_core.shell:Creating prefix util module '/home/diego/Workspaces/ros2_roveruvg_ws/install/_local_setup_util_sh.py'
[7.129s] INFO:colcon.colcon_core.shell:Creating prefix chain script '/home/diego/Workspaces/ros2_roveruvg_ws/install/setup.sh'
[7.133s] INFO:colcon.colcon_core.shell:Creating prefix script '/home/diego/Workspaces/ros2_roveruvg_ws/install/local_setup.bash'
[7.135s] INFO:colcon.colcon_core.shell:Creating prefix chain script '/home/diego/Workspaces/ros2_roveruvg_ws/install/setup.bash'
[7.139s] INFO:colcon.colcon_core.shell:Creating prefix script '/home/diego/Workspaces/ros2_roveruvg_ws/install/local_setup.zsh'
[7.141s] INFO:colcon.colcon_core.shell:Creating prefix chain script '/home/diego/Workspaces/ros2_roveruvg_ws/install/setup.zsh'
