[3.161s] Invoking command in '/home/diego/Workspaces/ros2_roveruvg_ws/src/controllers': PYTHONPATH=/home/diego/Workspaces/ros2_roveruvg_ws/install/controllers/lib/python3.8/site-packages:${PYTHONPATH} /usr/bin/python3 setup.py egg_info --egg-base ../../build/controllers build --build-base /home/diego/Workspaces/ros2_roveruvg_ws/build/controllers/build install --prefix /home/diego/Workspaces/ros2_roveruvg_ws/install/controllers --record /home/diego/Workspaces/ros2_roveruvg_ws/build/controllers/install.log --single-version-externally-managed
[3.826s] running egg_info
[3.829s] writing ../../build/controllers/controllers.egg-info/PKG-INFO
[3.831s] writing dependency_links to ../../build/controllers/controllers.egg-info/dependency_links.txt
[3.832s] writing entry points to ../../build/controllers/controllers.egg-info/entry_points.txt
[3.834s] writing requirements to ../../build/controllers/controllers.egg-info/requires.txt
[3.835s] writing top-level names to ../../build/controllers/controllers.egg-info/top_level.txt
[3.959s] reading manifest file '../../build/controllers/controllers.egg-info/SOURCES.txt'
[3.962s] writing manifest file '../../build/controllers/controllers.egg-info/SOURCES.txt'
[3.962s] running build
[3.962s] running build_py
[3.964s] running install
[3.966s] running install_lib
[3.971s] running install_data
[3.973s] running install_egg_info
[3.978s] removing '/home/diego/Workspaces/ros2_roveruvg_ws/install/controllers/lib/python3.8/site-packages/controllers-0.0.0-py3.8.egg-info' (and everything under it)
[3.979s] Copying ../../build/controllers/controllers.egg-info to /home/diego/Workspaces/ros2_roveruvg_ws/install/controllers/lib/python3.8/site-packages/controllers-0.0.0-py3.8.egg-info
[3.984s] running install_scripts
[4.043s] Installing simple_controller script to /home/diego/Workspaces/ros2_roveruvg_ws/install/controllers/lib/controllers
[4.045s] writing list of installed files to '/home/diego/Workspaces/ros2_roveruvg_ws/build/controllers/install.log'
[4.137s] Invoked command in '/home/diego/Workspaces/ros2_roveruvg_ws/src/controllers' returned '0': PYTHONPATH=/home/diego/Workspaces/ros2_roveruvg_ws/install/controllers/lib/python3.8/site-packages:${PYTHONPATH} /usr/bin/python3 setup.py egg_info --egg-base ../../build/controllers build --build-base /home/diego/Workspaces/ros2_roveruvg_ws/build/controllers/build install --prefix /home/diego/Workspaces/ros2_roveruvg_ws/install/controllers --record /home/diego/Workspaces/ros2_roveruvg_ws/build/controllers/install.log --single-version-externally-managed
