[6.184s] Invoking command in '/home/diego/Workspaces/ros2_roveruvg_ws/src/controllers': PYTHONPATH=/home/diego/Workspaces/ros2_roveruvg_ws/install/controllers/lib/python3.8/site-packages:${PYTHONPATH} /usr/bin/python3 setup.py egg_info --egg-base ../../build/controllers build --build-base /home/diego/Workspaces/ros2_roveruvg_ws/build/controllers/build install --prefix /home/diego/Workspaces/ros2_roveruvg_ws/install/controllers --record /home/diego/Workspaces/ros2_roveruvg_ws/build/controllers/install.log --single-version-externally-managed
[8.050s] running egg_info
[8.052s] writing ../../build/controllers/controllers.egg-info/PKG-INFO
[8.053s] writing dependency_links to ../../build/controllers/controllers.egg-info/dependency_links.txt
[8.069s] writing entry points to ../../build/controllers/controllers.egg-info/entry_points.txt
[8.069s] writing requirements to ../../build/controllers/controllers.egg-info/requires.txt
[8.069s] writing top-level names to ../../build/controllers/controllers.egg-info/top_level.txt
[8.392s] reading manifest file '../../build/controllers/controllers.egg-info/SOURCES.txt'
[8.400s] writing manifest file '../../build/controllers/controllers.egg-info/SOURCES.txt'
[8.402s] running build
[8.403s] running build_py
[8.414s] running install
[8.417s] running install_lib
[8.432s] running install_data
[8.434s] running install_egg_info
[8.446s] removing '/home/diego/Workspaces/ros2_roveruvg_ws/install/controllers/lib/python3.8/site-packages/controllers-0.0.0-py3.8.egg-info' (and everything under it)
[8.448s] Copying ../../build/controllers/controllers.egg-info to /home/diego/Workspaces/ros2_roveruvg_ws/install/controllers/lib/python3.8/site-packages/controllers-0.0.0-py3.8.egg-info
[8.452s] running install_scripts
[8.661s] Installing simple_controller script to /home/diego/Workspaces/ros2_roveruvg_ws/install/controllers/lib/controllers
[8.663s] writing list of installed files to '/home/diego/Workspaces/ros2_roveruvg_ws/build/controllers/install.log'
[8.889s] Invoked command in '/home/diego/Workspaces/ros2_roveruvg_ws/src/controllers' returned '0': PYTHONPATH=/home/diego/Workspaces/ros2_roveruvg_ws/install/controllers/lib/python3.8/site-packages:${PYTHONPATH} /usr/bin/python3 setup.py egg_info --egg-base ../../build/controllers build --build-base /home/diego/Workspaces/ros2_roveruvg_ws/build/controllers/build install --prefix /home/diego/Workspaces/ros2_roveruvg_ws/install/controllers --record /home/diego/Workspaces/ros2_roveruvg_ws/build/controllers/install.log --single-version-externally-managed
