[3.108s] Invoking command in '/home/diego/Workspaces/ros2_roveruvg_ws/src/controllers': PYTHONPATH=/home/diego/Workspaces/ros2_roveruvg_ws/install/controllers/lib/python3.8/site-packages:${PYTHONPATH} /usr/bin/python3 setup.py egg_info --egg-base ../../build/controllers build --build-base /home/diego/Workspaces/ros2_roveruvg_ws/build/controllers/build install --prefix /home/diego/Workspaces/ros2_roveruvg_ws/install/controllers --record /home/diego/Workspaces/ros2_roveruvg_ws/build/controllers/install.log --single-version-externally-managed
[3.729s] running egg_info
[3.730s] creating ../../build/controllers/controllers.egg-info
[3.730s] writing ../../build/controllers/controllers.egg-info/PKG-INFO
[3.731s] writing dependency_links to ../../build/controllers/controllers.egg-info/dependency_links.txt
[3.731s] writing entry points to ../../build/controllers/controllers.egg-info/entry_points.txt
[3.732s] writing requirements to ../../build/controllers/controllers.egg-info/requires.txt
[3.732s] writing top-level names to ../../build/controllers/controllers.egg-info/top_level.txt
[3.745s] writing manifest file '../../build/controllers/controllers.egg-info/SOURCES.txt'
[3.846s] reading manifest file '../../build/controllers/controllers.egg-info/SOURCES.txt'
[3.849s] writing manifest file '../../build/controllers/controllers.egg-info/SOURCES.txt'
[3.849s] running build
[3.849s] running build_py
[3.850s] creating /home/diego/Workspaces/ros2_roveruvg_ws/build/controllers/build
[3.850s] creating /home/diego/Workspaces/ros2_roveruvg_ws/build/controllers/build/lib
[3.850s] creating /home/diego/Workspaces/ros2_roveruvg_ws/build/controllers/build/lib/controllers
[3.850s] copying controllers/simple_controller.py -> /home/diego/Workspaces/ros2_roveruvg_ws/build/controllers/build/lib/controllers
[3.850s] copying controllers/__init__.py -> /home/diego/Workspaces/ros2_roveruvg_ws/build/controllers/build/lib/controllers
[3.850s] running install
[3.853s] running install_lib
[3.855s] creating /home/diego/Workspaces/ros2_roveruvg_ws/install/controllers/lib/python3.8/site-packages/controllers
[3.856s] copying /home/diego/Workspaces/ros2_roveruvg_ws/build/controllers/build/lib/controllers/simple_controller.py -> /home/diego/Workspaces/ros2_roveruvg_ws/install/controllers/lib/python3.8/site-packages/controllers
[3.857s] copying /home/diego/Workspaces/ros2_roveruvg_ws/build/controllers/build/lib/controllers/__init__.py -> /home/diego/Workspaces/ros2_roveruvg_ws/install/controllers/lib/python3.8/site-packages/controllers
[3.857s] byte-compiling /home/diego/Workspaces/ros2_roveruvg_ws/install/controllers/lib/python3.8/site-packages/controllers/simple_controller.py to simple_controller.cpython-38.pyc
[3.861s] byte-compiling /home/diego/Workspaces/ros2_roveruvg_ws/install/controllers/lib/python3.8/site-packages/controllers/__init__.py to __init__.cpython-38.pyc
[3.862s] running install_data
[3.864s] creating /home/diego/Workspaces/ros2_roveruvg_ws/install/controllers/share/ament_index
[3.864s] creating /home/diego/Workspaces/ros2_roveruvg_ws/install/controllers/share/ament_index/resource_index
[3.864s] creating /home/diego/Workspaces/ros2_roveruvg_ws/install/controllers/share/ament_index/resource_index/packages
[3.865s] copying resource/controllers -> /home/diego/Workspaces/ros2_roveruvg_ws/install/controllers/share/ament_index/resource_index/packages
[3.865s] copying package.xml -> /home/diego/Workspaces/ros2_roveruvg_ws/install/controllers/share/controllers
[3.866s] running install_egg_info
[3.870s] Copying ../../build/controllers/controllers.egg-info to /home/diego/Workspaces/ros2_roveruvg_ws/install/controllers/lib/python3.8/site-packages/controllers-0.0.0-py3.8.egg-info
[3.872s] running install_scripts
[3.927s] Installing simple_controller script to /home/diego/Workspaces/ros2_roveruvg_ws/install/controllers/lib/controllers
[3.928s] writing list of installed files to '/home/diego/Workspaces/ros2_roveruvg_ws/build/controllers/install.log'
[4.001s] Invoked command in '/home/diego/Workspaces/ros2_roveruvg_ws/src/controllers' returned '0': PYTHONPATH=/home/diego/Workspaces/ros2_roveruvg_ws/install/controllers/lib/python3.8/site-packages:${PYTHONPATH} /usr/bin/python3 setup.py egg_info --egg-base ../../build/controllers build --build-base /home/diego/Workspaces/ros2_roveruvg_ws/build/controllers/build install --prefix /home/diego/Workspaces/ros2_roveruvg_ws/install/controllers --record /home/diego/Workspaces/ros2_roveruvg_ws/build/controllers/install.log --single-version-externally-managed
