[3.115s] Invoking command in '/home/diego/Workspaces/ros2_roveruvg_ws/src/controllers': PYTHONPATH=/home/diego/Workspaces/ros2_roveruvg_ws/install/controllers/lib/python3.8/site-packages:${PYTHONPATH} /usr/bin/python3 setup.py egg_info --egg-base ../../build/controllers build --build-base /home/diego/Workspaces/ros2_roveruvg_ws/build/controllers/build install --prefix /home/diego/Workspaces/ros2_roveruvg_ws/install/controllers --record /home/diego/Workspaces/ros2_roveruvg_ws/build/controllers/install.log --single-version-externally-managed
[4.149s] running egg_info
[4.150s] writing ../../build/controllers/controllers.egg-info/PKG-INFO
[4.151s] writing dependency_links to ../../build/controllers/controllers.egg-info/dependency_links.txt
[4.159s] writing entry points to ../../build/controllers/controllers.egg-info/entry_points.txt
[4.159s] writing requirements to ../../build/controllers/controllers.egg-info/requires.txt
[4.160s] writing top-level names to ../../build/controllers/controllers.egg-info/top_level.txt
[4.291s] reading manifest file '../../build/controllers/controllers.egg-info/SOURCES.txt'
[4.291s] writing manifest file '../../build/controllers/controllers.egg-info/SOURCES.txt'
[4.293s] running build
[4.293s] running build_py
[4.295s] running install
[4.299s] running install_lib
[4.307s] running install_data
[4.310s] running install_egg_info
[4.323s] removing '/home/diego/Workspaces/ros2_roveruvg_ws/install/controllers/lib/python3.8/site-packages/controllers-0.0.0-py3.8.egg-info' (and everything under it)
[4.324s] Copying ../../build/controllers/controllers.egg-info to /home/diego/Workspaces/ros2_roveruvg_ws/install/controllers/lib/python3.8/site-packages/controllers-0.0.0-py3.8.egg-info
[4.327s] running install_scripts
[4.399s] Installing simple_controller script to /home/diego/Workspaces/ros2_roveruvg_ws/install/controllers/lib/controllers
[4.400s] writing list of installed files to '/home/diego/Workspaces/ros2_roveruvg_ws/build/controllers/install.log'
[4.569s] Invoked command in '/home/diego/Workspaces/ros2_roveruvg_ws/src/controllers' returned '0': PYTHONPATH=/home/diego/Workspaces/ros2_roveruvg_ws/install/controllers/lib/python3.8/site-packages:${PYTHONPATH} /usr/bin/python3 setup.py egg_info --egg-base ../../build/controllers build --build-base /home/diego/Workspaces/ros2_roveruvg_ws/build/controllers/build install --prefix /home/diego/Workspaces/ros2_roveruvg_ws/install/controllers --record /home/diego/Workspaces/ros2_roveruvg_ws/build/controllers/install.log --single-version-externally-managed
