[4.203s] Invoking command in '/home/diego/Workspaces/ros2_roveruvg_ws/src/controllers': PYTHONPATH=/home/diego/Workspaces/ros2_roveruvg_ws/install/controllers/lib/python3.8/site-packages:${PYTHONPATH} /usr/bin/python3 setup.py egg_info --egg-base ../../build/controllers build --build-base /home/diego/Workspaces/ros2_roveruvg_ws/build/controllers/build install --prefix /home/diego/Workspaces/ros2_roveruvg_ws/install/controllers --record /home/diego/Workspaces/ros2_roveruvg_ws/build/controllers/install.log --single-version-externally-managed
[5.035s] running egg_info
[5.036s] writing ../../build/controllers/controllers.egg-info/PKG-INFO
[5.038s] writing dependency_links to ../../build/controllers/controllers.egg-info/dependency_links.txt
[5.039s] writing entry points to ../../build/controllers/controllers.egg-info/entry_points.txt
[5.040s] writing requirements to ../../build/controllers/controllers.egg-info/requires.txt
[5.040s] writing top-level names to ../../build/controllers/controllers.egg-info/top_level.txt
[5.207s] reading manifest file '../../build/controllers/controllers.egg-info/SOURCES.txt'
[5.209s] writing manifest file '../../build/controllers/controllers.egg-info/SOURCES.txt'
[5.210s] running build
[5.211s] running build_py
[5.214s] running install
[5.215s] running install_lib
[5.221s] running install_data
[5.222s] running install_egg_info
[5.228s] removing '/home/diego/Workspaces/ros2_roveruvg_ws/install/controllers/lib/python3.8/site-packages/controllers-0.0.0-py3.8.egg-info' (and everything under it)
[5.229s] Copying ../../build/controllers/controllers.egg-info to /home/diego/Workspaces/ros2_roveruvg_ws/install/controllers/lib/python3.8/site-packages/controllers-0.0.0-py3.8.egg-info
[5.232s] running install_scripts
[5.331s] Installing simple_controller script to /home/diego/Workspaces/ros2_roveruvg_ws/install/controllers/lib/controllers
[5.333s] writing list of installed files to '/home/diego/Workspaces/ros2_roveruvg_ws/build/controllers/install.log'
[5.451s] Invoked command in '/home/diego/Workspaces/ros2_roveruvg_ws/src/controllers' returned '0': PYTHONPATH=/home/diego/Workspaces/ros2_roveruvg_ws/install/controllers/lib/python3.8/site-packages:${PYTHONPATH} /usr/bin/python3 setup.py egg_info --egg-base ../../build/controllers build --build-base /home/diego/Workspaces/ros2_roveruvg_ws/build/controllers/build install --prefix /home/diego/Workspaces/ros2_roveruvg_ws/install/controllers --record /home/diego/Workspaces/ros2_roveruvg_ws/build/controllers/install.log --single-version-externally-managed
